<?xml version="1.0" encoding="UTF-8"?>
<coverage generated="1781351837912" clover="3.2.0">
  <project timestamp="1781351837912" name="All files">
    <metrics statements="754" coveredstatements="608" conditionals="416" coveredconditionals="259" methods="94" coveredmethods="80" elements="1264" coveredelements="947" complexity="0" loc="754" ncloc="754" packages="7" files="22" classes="22"/>
    <package name="cli">
      <metrics statements="59" coveredstatements="23" conditionals="28" coveredconditionals="3" methods="4" coveredmethods="2"/>
      <file name="index.ts" path="/Users/mohitbaghel/Desktop/VibeGuard/vibeguard-cli/src/cli/index.ts">
        <metrics statements="59" coveredstatements="23" conditionals="28" coveredconditionals="3" methods="4" coveredmethods="2"/>
        <line num="12" count="1" type="stmt"/>
        <line num="14" count="1" type="stmt"/>
        <line num="15" count="1" type="stmt"/>
        <line num="16" count="1" type="stmt"/>
        <line num="21" count="1" type="stmt"/>
        <line num="23" count="1" type="stmt"/>
        <line num="28" count="1" type="stmt"/>
        <line num="38" count="0" type="stmt"/>
        <line num="39" count="0" type="stmt"/>
        <line num="40" count="0" type="cond" truecount="0" falsecount="2"/>
        <line num="41" count="0" type="cond" truecount="0" falsecount="2"/>
        <line num="42" count="0" type="cond" truecount="0" falsecount="2"/>
        <line num="43" count="0" type="cond" truecount="0" falsecount="2"/>
        <line num="44" count="0" type="cond" truecount="0" falsecount="2"/>
        <line num="46" count="0" type="stmt"/>
        <line num="48" count="0" type="stmt"/>
        <line num="50" count="0" type="cond" truecount="0" falsecount="2"/>
        <line num="51" count="0" type="stmt"/>
        <line num="52" count="0" type="cond" truecount="0" falsecount="2"/>
        <line num="53" count="0" type="stmt"/>
        <line num="55" count="0" type="stmt"/>
        <line num="56" count="0" type="cond" truecount="0" falsecount="2"/>
        <line num="57" count="0" type="stmt"/>
        <line num="58" count="0" type="stmt"/>
        <line num="62" count="0" type="cond" truecount="0" falsecount="2"/>
        <line num="63" count="0" type="stmt"/>
        <line num="65" count="0" type="stmt"/>
        <line num="68" count="0" type="cond" truecount="0" falsecount="2"/>
        <line num="69" count="0" type="stmt"/>
        <line num="70" count="0" type="stmt"/>
        <line num="71" count="0" type="cond" truecount="0" falsecount="2"/>
        <line num="72" count="0" type="stmt"/>
        <line num="73" count="0" type="stmt"/>
        <line num="75" count="0" type="stmt"/>
        <line num="76" count="0" type="cond" truecount="0" falsecount="2"/>
        <line num="77" count="0" type="stmt"/>
        <line num="82" count="1" type="stmt"/>
        <line num="86" count="1" type="stmt"/>
        <line num="87" count="1" type="stmt"/>
        <line num="88" count="0" type="stmt"/>
        <line num="89" count="0" type="stmt"/>
        <line num="91" count="1" type="stmt"/>
        <line num="92" count="1" type="stmt"/>
        <line num="96" count="1" type="stmt"/>
        <line num="101" count="1" type="stmt"/>
        <line num="102" count="1" type="stmt"/>
        <line num="103" count="1" type="stmt"/>
        <line num="104" count="1" type="cond" truecount="3" falsecount="1"/>
        <line num="105" count="1" type="stmt"/>
        <line num="106" count="1" type="stmt"/>
        <line num="109" count="1" type="stmt"/>
        <line num="112" count="1" type="stmt"/>
        <line num="113" count="1" type="stmt"/>
        <line num="115" count="1" type="stmt"/>
        <line num="119" count="0" type="stmt"/>
        <line num="120" count="0" type="stmt"/>
        <line num="121" count="0" type="stmt"/>
        <line num="123" count="0" type="stmt"/>
        <line num="124" count="0" type="stmt"/>
      </file>
    </package>
    <package name="commands">
      <metrics statements="51" coveredstatements="4" conditionals="14" coveredconditionals="0" methods="7" coveredmethods="2"/>
      <file name="fix.ts" path="/Users/mohitbaghel/Desktop/VibeGuard/vibeguard-cli/src/commands/fix.ts">
        <metrics statements="38" coveredstatements="1" conditionals="14" coveredconditionals="0" methods="4" coveredmethods="1"/>
        <line num="10" count="1" type="stmt"/>
        <line num="16" count="0" type="stmt"/>
        <line num="17" count="0" type="stmt"/>
        <line num="18" count="0" type="stmt"/>
        <line num="20" count="0" type="stmt"/>
        <line num="22" count="0" type="stmt"/>
        <line num="24" count="0" type="cond" truecount="0" falsecount="2"/>
        <line num="25" count="0" type="stmt"/>
        <line num="26" count="0" type="stmt"/>
        <line num="29" count="0" type="stmt"/>
        <line num="32" count="0" type="stmt"/>
        <line num="33" count="0" type="stmt"/>
        <line num="34" count="0" type="cond" truecount="0" falsecount="2"/>
        <line num="35" count="0" type="stmt"/>
        <line num="38" count="0" type="stmt"/>
        <line num="39" count="0" type="stmt"/>
        <line num="40" count="0" type="stmt"/>
        <line num="42" count="0" type="stmt"/>
        <line num="45" count="0" type="stmt"/>
        <line num="47" count="0" type="stmt"/>
        <line num="48" count="0" type="cond" truecount="0" falsecount="2"/>
        <line num="50" count="0" type="cond" truecount="0" falsecount="2"/>
        <line num="51" count="0" type="stmt"/>
        <line num="52" count="0" type="stmt"/>
        <line num="53" count="0" type="stmt"/>
        <line num="56" count="0" type="stmt"/>
        <line num="61" count="0" type="stmt"/>
        <line num="65" count="0" type="cond" truecount="0" falsecount="2"/>
        <line num="66" count="0" type="stmt"/>
        <line num="67" count="0" type="stmt"/>
        <line num="69" count="0" type="stmt"/>
        <line num="73" count="0" type="cond" truecount="0" falsecount="2"/>
        <line num="74" count="0" type="stmt"/>
        <line num="76" count="0" type="stmt"/>
        <line num="80" count="0" type="cond" truecount="0" falsecount="2"/>
        <line num="81" count="0" type="stmt"/>
        <line num="83" count="0" type="stmt"/>
        <line num="85" count="0" type="stmt"/>
      </file>
      <file name="hook.ts" path="/Users/mohitbaghel/Desktop/VibeGuard/vibeguard-cli/src/commands/hook.ts">
        <metrics statements="13" coveredstatements="3" conditionals="0" coveredconditionals="0" methods="3" coveredmethods="1"/>
        <line num="5" count="1" type="stmt"/>
        <line num="9" count="1" type="stmt"/>
        <line num="13" count="0" type="stmt"/>
        <line num="14" count="0" type="stmt"/>
        <line num="15" count="0" type="stmt"/>
        <line num="17" count="0" type="stmt"/>
        <line num="18" count="0" type="stmt"/>
        <line num="22" count="1" type="stmt"/>
        <line num="26" count="0" type="stmt"/>
        <line num="27" count="0" type="stmt"/>
        <line num="28" count="0" type="stmt"/>
        <line num="30" count="0" type="stmt"/>
        <line num="31" count="0" type="stmt"/>
      </file>
    </package>
    <package name="core">
      <metrics statements="106" coveredstatements="98" conditionals="62" coveredconditionals="42" methods="9" coveredmethods="9"/>
      <file name="scanner.ts" path="/Users/mohitbaghel/Desktop/VibeGuard/vibeguard-cli/src/core/scanner.ts">
        <metrics statements="65" coveredstatements="59" conditionals="42" coveredconditionals="29" methods="4" coveredmethods="4"/>
        <line num="21" count="3" type="stmt"/>
        <line num="34" count="7" type="stmt"/>
        <line num="35" count="7" type="stmt"/>
        <line num="37" count="7" type="stmt"/>
        <line num="38" count="63" type="stmt"/>
        <line num="39" count="63" type="cond" truecount="1" falsecount="2"/>
        <line num="41" count="63" type="cond" truecount="2" falsecount="2"/>
        <line num="44" count="63" type="stmt"/>
        <line num="49" count="7" type="stmt"/>
        <line num="50" count="7" type="stmt"/>
        <line num="52" count="7" type="stmt"/>
        <line num="53" count="8" type="cond" truecount="3" falsecount="1"/>
        <line num="54" count="8" type="stmt"/>
        <line num="58" count="8" type="cond" truecount="2" falsecount="0"/>
        <line num="59" count="4" type="stmt"/>
        <line num="60" count="4" type="cond" truecount="3" falsecount="1"/>
        <line num="62" count="4" type="stmt"/>
        <line num="63" count="4" type="cond" truecount="2" falsecount="0"/>
        <line num="64" count="3" type="stmt"/>
        <line num="66" count="3" type="cond" truecount="4" falsecount="0"/>
        <line num="67" count="1" type="stmt"/>
        <line num="71" count="1" type="stmt"/>
        <line num="76" count="6" type="stmt"/>
        <line num="79" count="7" type="stmt"/>
        <line num="83" count="1" type="stmt"/>
        <line num="84" count="1" type="stmt"/>
        <line num="86" count="1" type="stmt"/>
        <line num="88" count="9" type="stmt"/>
        <line num="90" count="1" type="stmt"/>
        <line num="91" count="1" type="stmt"/>
        <line num="92" count="1" type="stmt"/>
        <line num="95" count="1" type="stmt"/>
        <line num="96" count="9" type="cond" truecount="4" falsecount="0"/>
        <line num="97" count="1" type="stmt"/>
        <line num="101" count="1" type="stmt"/>
        <line num="102" count="3" type="stmt"/>
        <line num="103" count="3" type="stmt"/>
        <line num="104" count="3" type="cond" truecount="1" falsecount="1"/>
        <line num="105" count="0" type="stmt"/>
        <line num="106" count="0" type="stmt"/>
        <line num="109" count="3" type="stmt"/>
        <line num="111" count="3" type="stmt"/>
        <line num="112" count="3" type="stmt"/>
        <line num="115" count="1" type="stmt"/>
        <line num="116" count="1" type="stmt"/>
        <line num="118" count="1" type="stmt"/>
        <line num="119" count="3" type="cond" truecount="4" falsecount="1"/>
        <line num="120" count="0" type="stmt"/>
        <line num="121" count="0" type="cond" truecount="0" falsecount="2"/>
        <line num="122" count="0" type="cond" truecount="0" falsecount="2"/>
        <line num="123" count="0" type="stmt"/>
        <line num="126" count="3" type="stmt"/>
        <line num="129" count="1" type="stmt"/>
        <line num="136" count="1" type="stmt"/>
        <line num="138" count="1" type="stmt"/>
        <line num="139" count="3" type="stmt"/>
        <line num="141" count="3" type="cond" truecount="1" falsecount="1"/>
        <line num="142" count="3" type="stmt"/>
        <line num="144" count="3" type="stmt"/>
        <line num="147" count="1" type="stmt"/>
        <line num="148" count="1" type="stmt"/>
        <line num="149" count="9" type="cond" truecount="2" falsecount="0"/>
        <line num="152" count="1" type="stmt"/>
        <line num="154" count="1" type="stmt"/>
        <line num="156" count="1" type="stmt"/>
      </file>
      <file name="scoring.ts" path="/Users/mohitbaghel/Desktop/VibeGuard/vibeguard-cli/src/core/scoring.ts">
        <metrics statements="41" coveredstatements="39" conditionals="20" coveredconditionals="13" methods="5" coveredmethods="5"/>
        <line num="4" count="2" type="stmt"/>
        <line num="5" count="2" type="stmt"/>
        <line num="6" count="2" type="stmt"/>
        <line num="7" count="6" type="stmt"/>
        <line num="8" count="6" type="cond" truecount="2" falsecount="0"/>
        <line num="9" count="5" type="stmt"/>
        <line num="10" count="5" type="stmt"/>
        <line num="13" count="2" type="stmt"/>
        <line num="17" count="11" type="stmt"/>
        <line num="18" count="11" type="stmt"/>
        <line num="19" count="8" type="cond" truecount="2" falsecount="0"/>
        <line num="20" count="8" type="stmt"/>
        <line num="23" count="11" type="stmt"/>
        <line num="24" count="11" type="stmt"/>
        <line num="25" count="7" type="stmt"/>
        <line num="26" count="7" type="stmt"/>
        <line num="28" count="7" type="stmt"/>
        <line num="29" count="8" type="stmt"/>
        <line num="30" count="8" type="stmt"/>
        <line num="31" count="8" type="cond" truecount="2" falsecount="0"/>
        <line num="32" count="3" type="cond" truecount="1" falsecount="1"/>
        <line num="33" count="0" type="cond" truecount="0" falsecount="2"/>
        <line num="34" count="0" type="cond" truecount="0" falsecount="2"/>
        <line num="37" count="8" type="stmt"/>
        <line num="40" count="7" type="stmt"/>
        <line num="42" count="11" type="stmt"/>
        <line num="46" count="9" type="stmt"/>
        <line num="48" count="9" type="stmt"/>
        <line num="49" count="3" type="cond" truecount="2" falsecount="2"/>
        <line num="50" count="3" type="stmt"/>
        <line num="54" count="9" type="stmt"/>
        <line num="55" count="9" type="stmt"/>
        <line num="57" count="9" type="stmt"/>
        <line num="66" count="2" type="stmt"/>
        <line num="67" count="2" type="stmt"/>
        <line num="69" count="2" type="stmt"/>
        <line num="70" count="2" type="stmt"/>
        <line num="71" count="7" type="cond" truecount="4" falsecount="0"/>
        <line num="72" count="2" type="stmt"/>
        <line num="73" count="2" type="stmt"/>
        <line num="77" count="2" type="stmt"/>
      </file>
    </package>
    <package name="core.ast">
      <metrics statements="65" coveredstatements="64" conditionals="66" coveredconditionals="58" methods="9" coveredmethods="8"/>
      <file name="taintAnalyzer.ts" path="/Users/mohitbaghel/Desktop/VibeGuard/vibeguard-cli/src/core/ast/taintAnalyzer.ts">
        <metrics statements="65" coveredstatements="64" conditionals="66" coveredconditionals="58" methods="9" coveredmethods="8"/>
        <line num="5" count="4" type="stmt"/>
        <line num="6" count="4" type="stmt"/>
        <line num="7" count="4" type="stmt"/>
        <line num="8" count="4" type="stmt"/>
        <line num="11" count="4" type="stmt"/>
        <line num="16" count="13" type="stmt"/>
        <line num="17" count="13" type="cond" truecount="2" falsecount="0"/>
        <line num="19" count="8" type="stmt"/>
        <line num="20" count="8" type="stmt"/>
        <line num="21" count="8" type="stmt"/>
        <line num="24" count="28" type="cond" truecount="2" falsecount="0"/>
        <line num="25" count="7" type="stmt"/>
        <line num="26" count="15" type="cond" truecount="2" falsecount="0"/>
        <line num="27" count="1" type="cond" truecount="1" falsecount="1"/>
        <line num="29" count="21" type="cond" truecount="2" falsecount="0"/>
        <line num="30" count="8" type="stmt"/>
        <line num="32" count="13" type="cond" truecount="2" falsecount="0"/>
        <line num="33" count="4" type="cond" truecount="2" falsecount="0"/>
        <line num="35" count="9" type="cond" truecount="1" falsecount="1"/>
        <line num="36" count="0" type="stmt"/>
        <line num="38" count="9" type="cond" truecount="2" falsecount="0"/>
        <line num="39" count="1" type="stmt"/>
        <line num="41" count="8" type="stmt"/>
        <line num="46" count="192" type="cond" truecount="5" falsecount="0"/>
        <line num="47" count="10" type="cond" truecount="2" falsecount="0"/>
        <line num="48" count="6" type="cond" truecount="2" falsecount="0"/>
        <line num="49" count="5" type="stmt"/>
        <line num="50" count="1" type="cond" truecount="1" falsecount="1"/>
        <line num="51" count="1" type="stmt"/>
        <line num="52" count="1" type="cond" truecount="1" falsecount="1"/>
        <line num="53" count="1" type="stmt"/>
        <line num="61" count="192" type="cond" truecount="4" falsecount="0"/>
        <line num="62" count="2" type="stmt"/>
        <line num="63" count="2" type="cond" truecount="3" falsecount="1"/>
        <line num="64" count="2" type="cond" truecount="2" falsecount="0"/>
        <line num="65" count="1" type="stmt"/>
        <line num="67" count="1" type="stmt"/>
        <line num="73" count="192" type="cond" truecount="2" falsecount="0"/>
        <line num="74" count="8" type="stmt"/>
        <line num="75" count="8" type="cond" truecount="2" falsecount="0"/>
        <line num="76" count="4" type="stmt"/>
        <line num="77" count="4" type="cond" truecount="1" falsecount="1"/>
        <line num="78" count="4" type="stmt"/>
        <line num="81" count="8" type="cond" truecount="1" falsecount="1"/>
        <line num="82" count="8" type="stmt"/>
        <line num="83" count="8" type="stmt"/>
        <line num="84" count="8" type="stmt"/>
        <line num="86" count="8" type="cond" truecount="5" falsecount="0"/>
        <line num="88" count="7" type="stmt"/>
        <line num="89" count="7" type="cond" truecount="2" falsecount="0"/>
        <line num="90" count="4" type="stmt"/>
        <line num="91" count="4" type="stmt"/>
        <line num="93" count="4" type="stmt"/>
        <line num="94" count="4" type="stmt"/>
        <line num="95" count="4" type="cond" truecount="1" falsecount="1"/>
        <line num="96" count="4" type="stmt"/>
        <line num="98" count="4" type="stmt"/>
        <line num="99" count="4" type="stmt"/>
        <line num="100" count="4" type="stmt"/>
        <line num="101" count="4" type="cond" truecount="2" falsecount="0"/>
        <line num="102" count="4" type="cond" truecount="2" falsecount="0"/>
        <line num="104" count="4" type="stmt"/>
        <line num="125" count="192" type="stmt"/>
        <line num="128" count="8" type="stmt"/>
        <line num="129" count="8" type="stmt"/>
      </file>
    </package>
    <package name="core.detectors">
      <metrics statements="258" coveredstatements="251" conditionals="103" coveredconditionals="81" methods="34" coveredmethods="33"/>
      <file name="astTaint.ts" path="/Users/mohitbaghel/Desktop/VibeGuard/vibeguard-cli/src/core/detectors/astTaint.ts">
        <metrics statements="6" coveredstatements="5" conditionals="0" coveredconditionals="0" methods="1" coveredmethods="1"/>
        <line num="6" count="3" type="stmt"/>
        <line num="7" count="3" type="stmt"/>
        <line num="8" count="3" type="stmt"/>
        <line num="11" count="7" type="stmt"/>
        <line num="12" count="7" type="stmt"/>
        <line num="15" count="0" type="stmt"/>
      </file>
      <file name="auth.ts" path="/Users/mohitbaghel/Desktop/VibeGuard/vibeguard-cli/src/core/detectors/auth.ts">
        <metrics statements="40" coveredstatements="38" conditionals="22" coveredconditionals="16" methods="6" coveredmethods="6"/>
        <line num="6" count="3" type="stmt"/>
        <line num="10" count="6" type="stmt"/>
        <line num="11" count="6" type="stmt"/>
        <line num="12" count="6" type="stmt"/>
        <line num="15" count="10" type="stmt"/>
        <line num="16" count="10" type="stmt"/>
        <line num="18" count="10" type="stmt"/>
        <line num="19" count="10" type="stmt"/>
        <line num="21" count="10" type="stmt"/>
        <line num="22" count="98" type="stmt"/>
        <line num="24" count="10" type="stmt"/>
        <line num="25" count="10" type="stmt"/>
        <line num="27" count="10" type="stmt"/>
        <line num="28" count="33" type="stmt"/>
        <line num="29" count="33" type="stmt"/>
        <line num="31" count="33" type="cond" truecount="4" falsecount="0"/>
        <line num="33" count="29" type="stmt"/>
        <line num="34" count="29" type="stmt"/>
        <line num="35" count="3" type="stmt"/>
        <line num="36" count="3" type="cond" truecount="1" falsecount="1"/>
        <line num="37" count="3" type="stmt"/>
        <line num="38" count="3" type="stmt"/>
        <line num="39" count="9" type="cond" truecount="2" falsecount="0"/>
        <line num="40" count="1" type="stmt"/>
        <line num="41" count="1" type="stmt"/>
        <line num="45" count="3" type="cond" truecount="2" falsecount="0"/>
        <line num="46" count="2" type="stmt"/>
        <line num="66" count="33" type="cond" truecount="2" falsecount="0"/>
        <line num="68" count="4" type="stmt"/>
        <line num="69" count="4" type="stmt"/>
        <line num="70" count="1" type="stmt"/>
        <line num="71" count="1" type="cond" truecount="1" falsecount="1"/>
        <line num="72" count="1" type="stmt"/>
        <line num="73" count="1" type="stmt"/>
        <line num="74" count="4" type="cond" truecount="1" falsecount="1"/>
        <line num="75" count="0" type="stmt"/>
        <line num="76" count="0" type="stmt"/>
        <line num="80" count="1" type="cond" truecount="1" falsecount="1"/>
        <line num="81" count="1" type="stmt"/>
        <line num="101" count="10" type="stmt"/>
      </file>
      <file name="cmdInjection.ts" path="/Users/mohitbaghel/Desktop/VibeGuard/vibeguard-cli/src/core/detectors/cmdInjection.ts">
        <metrics statements="22" coveredstatements="22" conditionals="4" coveredconditionals="3" methods="3" coveredmethods="3"/>
        <line num="6" count="4" type="stmt"/>
        <line num="10" count="4" type="stmt"/>
        <line num="11" count="4" type="stmt"/>
        <line num="12" count="4" type="stmt"/>
        <line num="15" count="12" type="stmt"/>
        <line num="17" count="12" type="stmt"/>
        <line num="44" count="12" type="stmt"/>
        <line num="45" count="4" type="stmt"/>
        <line num="46" count="4" type="stmt"/>
        <line num="47" count="117" type="cond" truecount="2" falsecount="0"/>
        <line num="49" count="4" type="stmt"/>
        <line num="52" count="12" type="stmt"/>
        <line num="53" count="48" type="stmt"/>
        <line num="56" count="48" type="stmt"/>
        <line num="57" count="4" type="stmt"/>
        <line num="58" count="4" type="stmt"/>
        <line num="60" count="4" type="stmt"/>
        <line num="61" count="4" type="stmt"/>
        <line num="62" count="4" type="cond" truecount="1" falsecount="1"/>
        <line num="63" count="4" type="stmt"/>
        <line num="65" count="4" type="stmt"/>
        <line num="83" count="12" type="stmt"/>
      </file>
      <file name="hallucinations.ts" path="/Users/mohitbaghel/Desktop/VibeGuard/vibeguard-cli/src/core/detectors/hallucinations.ts">
        <metrics statements="42" coveredstatements="41" conditionals="20" coveredconditionals="14" methods="8" coveredmethods="7"/>
        <line num="9" count="3" type="stmt"/>
        <line num="13" count="4" type="stmt"/>
        <line num="16" count="6" type="cond" truecount="2" falsecount="0"/>
        <line num="18" count="2" type="stmt"/>
        <line num="20" count="2" type="stmt"/>
        <line num="21" count="136" type="stmt"/>
        <line num="24" count="2" type="stmt"/>
        <line num="25" count="2" type="stmt"/>
        <line num="26" count="2" type="stmt"/>
        <line num="27" count="1" type="stmt"/>
        <line num="29" count="11" type="cond" truecount="1" falsecount="1"/>
        <line num="30" count="10" type="cond" truecount="1" falsecount="1"/>
        <line num="31" count="1" type="cond" truecount="1" falsecount="1"/>
        <line num="36" count="2" type="stmt"/>
        <line num="37" count="2" type="stmt"/>
        <line num="41" count="8" type="stmt"/>
        <line num="42" count="8" type="stmt"/>
        <line num="43" count="8" type="stmt"/>
        <line num="46" count="6" type="stmt"/>
        <line num="50" count="12" type="stmt"/>
        <line num="51" count="12" type="cond" truecount="2" falsecount="0"/>
        <line num="55" count="8" type="stmt"/>
        <line num="57" count="8" type="stmt"/>
        <line num="58" count="3" type="stmt"/>
        <line num="59" count="3" type="stmt"/>
        <line num="60" count="10" type="cond" truecount="1" falsecount="1"/>
        <line num="62" count="3" type="stmt"/>
        <line num="66" count="8" type="stmt"/>
        <line num="67" count="8" type="stmt"/>
        <line num="68" count="8" type="stmt"/>
        <line num="71" count="8" type="cond" truecount="2" falsecount="0"/>
        <line num="72" count="1" type="stmt"/>
        <line num="73" count="1" type="cond" truecount="1" falsecount="1"/>
        <line num="74" count="0" type="stmt"/>
        <line num="77" count="7" type="stmt"/>
        <line num="80" count="8" type="cond" truecount="2" falsecount="0"/>
        <line num="81" count="3" type="stmt"/>
        <line num="82" count="3" type="stmt"/>
        <line num="83" count="3" type="stmt"/>
        <line num="84" count="3" type="cond" truecount="1" falsecount="1"/>
        <line num="86" count="3" type="stmt"/>
        <line num="104" count="8" type="stmt"/>
      </file>
      <file name="pathTraversal.ts" path="/Users/mohitbaghel/Desktop/VibeGuard/vibeguard-cli/src/core/detectors/pathTraversal.ts">
        <metrics statements="22" coveredstatements="22" conditionals="4" coveredconditionals="3" methods="3" coveredmethods="3"/>
        <line num="6" count="3" type="stmt"/>
        <line num="10" count="4" type="stmt"/>
        <line num="11" count="4" type="stmt"/>
        <line num="12" count="4" type="stmt"/>
        <line num="15" count="11" type="stmt"/>
        <line num="17" count="11" type="stmt"/>
        <line num="38" count="11" type="stmt"/>
        <line num="39" count="3" type="stmt"/>
        <line num="40" count="3" type="stmt"/>
        <line num="41" count="79" type="cond" truecount="2" falsecount="0"/>
        <line num="43" count="3" type="stmt"/>
        <line num="46" count="11" type="stmt"/>
        <line num="47" count="33" type="stmt"/>
        <line num="50" count="33" type="stmt"/>
        <line num="51" count="3" type="stmt"/>
        <line num="52" count="3" type="stmt"/>
        <line num="54" count="3" type="stmt"/>
        <line num="55" count="3" type="stmt"/>
        <line num="56" count="3" type="cond" truecount="1" falsecount="1"/>
        <line num="57" count="3" type="stmt"/>
        <line num="59" count="3" type="stmt"/>
        <line num="77" count="11" type="stmt"/>
      </file>
      <file name="secrets.ts" path="/Users/mohitbaghel/Desktop/VibeGuard/vibeguard-cli/src/core/detectors/secrets.ts">
        <metrics statements="58" coveredstatements="55" conditionals="41" coveredconditionals="36" methods="4" coveredmethods="4"/>
        <line num="13" count="4" type="stmt"/>
        <line num="14" count="4" type="cond" truecount="1" falsecount="1"/>
        <line num="15" count="4" type="stmt"/>
        <line num="16" count="120" type="cond" truecount="2" falsecount="0"/>
        <line num="17" count="4" type="stmt"/>
        <line num="18" count="4" type="stmt"/>
        <line num="19" count="100" type="stmt"/>
        <line num="20" count="100" type="stmt"/>
        <line num="22" count="4" type="stmt"/>
        <line num="26" count="12" type="stmt"/>
        <line num="29" count="5" type="stmt"/>
        <line num="36" count="16" type="stmt"/>
        <line num="37" count="16" type="cond" truecount="5" falsecount="1"/>
        <line num="38" count="0" type="stmt"/>
        <line num="41" count="16" type="cond" truecount="5" falsecount="0"/>
        <line num="42" count="2" type="stmt"/>
        <line num="47" count="14" type="stmt"/>
        <line num="48" count="14" type="cond" truecount="2" falsecount="0"/>
        <line num="52" count="1" type="cond" truecount="1" falsecount="1"/>
        <line num="53" count="1" type="stmt"/>
        <line num="57" count="13" type="stmt"/>
        <line num="58" count="143" type="cond" truecount="4" falsecount="0"/>
        <line num="59" count="1" type="stmt"/>
        <line num="63" count="12" type="stmt"/>
        <line num="66" count="5" type="stmt"/>
        <line num="83" count="10" type="stmt"/>
        <line num="84" count="10" type="stmt"/>
        <line num="85" count="10" type="stmt"/>
        <line num="88" count="14" type="stmt"/>
        <line num="89" count="14" type="stmt"/>
        <line num="91" count="14" type="stmt"/>
        <line num="92" count="39" type="stmt"/>
        <line num="93" count="39" type="stmt"/>
        <line num="95" count="39" type="stmt"/>
        <line num="96" count="507" type="stmt"/>
        <line num="99" count="507" type="stmt"/>
        <line num="100" count="16" type="stmt"/>
        <line num="101" count="16" type="cond" truecount="2" falsecount="0"/>
        <line num="103" count="16" type="stmt"/>
        <line num="104" count="16" type="stmt"/>
        <line num="105" count="16" type="cond" truecount="2" falsecount="0"/>
        <line num="106" count="4" type="stmt"/>
        <line num="107" count="4" type="stmt"/>
        <line num="111" count="16" type="cond" truecount="2" falsecount="0"/>
        <line num="113" count="12" type="cond" truecount="2" falsecount="0"/>
        <line num="114" count="2" type="stmt"/>
        <line num="115" count="2" type="cond" truecount="1" falsecount="1"/>
        <line num="116" count="0" type="stmt"/>
        <line num="120" count="12" type="stmt"/>
        <line num="121" count="12" type="cond" truecount="2" falsecount="0"/>
        <line num="122" count="2" type="stmt"/>
        <line num="123" count="10" type="cond" truecount="1" falsecount="1"/>
        <line num="124" count="0" type="stmt"/>
        <line num="125" count="10" type="cond" truecount="2" falsecount="0"/>
        <line num="126" count="1" type="stmt"/>
        <line num="129" count="12" type="cond" truecount="2" falsecount="0"/>
        <line num="133" count="16" type="stmt"/>
        <line num="154" count="14" type="stmt"/>
      </file>
      <file name="sql.ts" path="/Users/mohitbaghel/Desktop/VibeGuard/vibeguard-cli/src/core/detectors/sql.ts">
        <metrics statements="23" coveredstatements="23" conditionals="4" coveredconditionals="3" methods="3" coveredmethods="3"/>
        <line num="6" count="5" type="stmt"/>
        <line num="10" count="7" type="stmt"/>
        <line num="11" count="7" type="stmt"/>
        <line num="12" count="7" type="stmt"/>
        <line num="15" count="11" type="stmt"/>
        <line num="16" count="11" type="stmt"/>
        <line num="18" count="11" type="stmt"/>
        <line num="69" count="11" type="stmt"/>
        <line num="70" count="5" type="stmt"/>
        <line num="71" count="5" type="stmt"/>
        <line num="72" count="144" type="cond" truecount="2" falsecount="0"/>
        <line num="74" count="5" type="stmt"/>
        <line num="77" count="11" type="stmt"/>
        <line num="78" count="88" type="stmt"/>
        <line num="81" count="88" type="stmt"/>
        <line num="82" count="5" type="stmt"/>
        <line num="83" count="5" type="stmt"/>
        <line num="86" count="5" type="stmt"/>
        <line num="87" count="5" type="stmt"/>
        <line num="88" count="5" type="cond" truecount="1" falsecount="1"/>
        <line num="89" count="5" type="stmt"/>
        <line num="91" count="5" type="stmt"/>
        <line num="109" count="11" type="stmt"/>
      </file>
      <file name="ssrf.ts" path="/Users/mohitbaghel/Desktop/VibeGuard/vibeguard-cli/src/core/detectors/ssrf.ts">
        <metrics statements="22" coveredstatements="22" conditionals="4" coveredconditionals="3" methods="3" coveredmethods="3"/>
        <line num="6" count="4" type="stmt"/>
        <line num="10" count="4" type="stmt"/>
        <line num="11" count="4" type="stmt"/>
        <line num="12" count="4" type="stmt"/>
        <line num="15" count="13" type="stmt"/>
        <line num="17" count="13" type="stmt"/>
        <line num="38" count="13" type="stmt"/>
        <line num="39" count="4" type="stmt"/>
        <line num="40" count="4" type="stmt"/>
        <line num="41" count="153" type="cond" truecount="2" falsecount="0"/>
        <line num="43" count="4" type="stmt"/>
        <line num="46" count="13" type="stmt"/>
        <line num="47" count="39" type="stmt"/>
        <line num="50" count="39" type="stmt"/>
        <line num="51" count="4" type="stmt"/>
        <line num="52" count="4" type="stmt"/>
        <line num="54" count="4" type="stmt"/>
        <line num="55" count="4" type="stmt"/>
        <line num="56" count="4" type="cond" truecount="1" falsecount="1"/>
        <line num="57" count="4" type="stmt"/>
        <line num="59" count="4" type="stmt"/>
        <line num="77" count="13" type="stmt"/>
      </file>
      <file name="xss.ts" path="/Users/mohitbaghel/Desktop/VibeGuard/vibeguard-cli/src/core/detectors/xss.ts">
        <metrics statements="23" coveredstatements="23" conditionals="4" coveredconditionals="3" methods="3" coveredmethods="3"/>
        <line num="6" count="4" type="stmt"/>
        <line num="10" count="4" type="stmt"/>
        <line num="11" count="4" type="stmt"/>
        <line num="12" count="4" type="stmt"/>
        <line num="15" count="12" type="stmt"/>
        <line num="16" count="12" type="stmt"/>
        <line num="18" count="12" type="stmt"/>
        <line num="45" count="12" type="stmt"/>
        <line num="46" count="4" type="stmt"/>
        <line num="47" count="4" type="stmt"/>
        <line num="48" count="82" type="cond" truecount="2" falsecount="0"/>
        <line num="50" count="4" type="stmt"/>
        <line num="53" count="12" type="stmt"/>
        <line num="54" count="48" type="stmt"/>
        <line num="57" count="48" type="stmt"/>
        <line num="58" count="4" type="stmt"/>
        <line num="59" count="4" type="stmt"/>
        <line num="61" count="4" type="stmt"/>
        <line num="62" count="4" type="stmt"/>
        <line num="63" count="4" type="cond" truecount="1" falsecount="1"/>
        <line num="64" count="4" type="stmt"/>
        <line num="66" count="4" type="stmt"/>
        <line num="84" count="12" type="stmt"/>
      </file>
    </package>
    <package name="types">
      <metrics statements="12" coveredstatements="7" conditionals="20" coveredconditionals="0" methods="4" coveredmethods="1"/>
      <file name="index.ts" path="/Users/mohitbaghel/Desktop/VibeGuard/vibeguard-cli/src/types/index.ts">
        <metrics statements="12" coveredstatements="7" conditionals="20" coveredconditionals="0" methods="4" coveredmethods="1"/>
        <line num="1" count="15" type="stmt"/>
        <line num="2" count="15" type="stmt"/>
        <line num="3" count="15" type="stmt"/>
        <line num="4" count="15" type="stmt"/>
        <line num="5" count="15" type="stmt"/>
        <line num="8" count="15" type="stmt"/>
        <line num="17" count="15" type="stmt"/>
        <line num="96" count="0" type="cond" truecount="0" falsecount="2"/>
        <line num="100" count="0" type="stmt"/>
        <line num="107" count="0" type="cond" truecount="0" falsecount="4"/>
        <line num="108" count="0" type="stmt"/>
        <line num="109" count="0" type="stmt"/>
      </file>
    </package>
    <package name="utils">
      <metrics statements="203" coveredstatements="161" conditionals="123" coveredconditionals="75" methods="27" coveredmethods="25"/>
      <file name="config.ts" path="/Users/mohitbaghel/Desktop/VibeGuard/vibeguard-cli/src/utils/config.ts">
        <metrics statements="42" coveredstatements="37" conditionals="30" coveredconditionals="22" methods="6" coveredmethods="6"/>
        <line num="9" count="5" type="stmt"/>
        <line num="10" count="5" type="stmt"/>
        <line num="14" count="3" type="stmt"/>
        <line num="16" count="3" type="stmt"/>
        <line num="37" count="7" type="stmt"/>
        <line num="38" count="7" type="cond" truecount="2" falsecount="0"/>
        <line num="39" count="1" type="stmt"/>
        <line num="41" count="7" type="cond" truecount="2" falsecount="0"/>
        <line num="42" count="1" type="stmt"/>
        <line num="44" count="7" type="cond" truecount="1" falsecount="1"/>
        <line num="45" count="0" type="stmt"/>
        <line num="47" count="7" type="cond" truecount="1" falsecount="1"/>
        <line num="48" count="0" type="stmt"/>
        <line num="50" count="7" type="stmt"/>
        <line num="54" count="7" type="stmt"/>
        <line num="56" count="7" type="stmt"/>
        <line num="57" count="7" type="stmt"/>
        <line num="58" count="7" type="cond" truecount="1" falsecount="1"/>
        <line num="60" count="7" type="stmt"/>
        <line num="61" count="7" type="stmt"/>
        <line num="62" count="1" type="cond" truecount="1" falsecount="1"/>
        <line num="64" count="6" type="cond" truecount="3" falsecount="1"/>
        <line num="65" count="0" type="stmt"/>
        <line num="69" count="7" type="stmt"/>
        <line num="71" count="7" type="stmt"/>
        <line num="78" count="15" type="cond" truecount="1" falsecount="1"/>
        <line num="80" count="7" type="stmt"/>
        <line num="81" count="7" type="cond" truecount="2" falsecount="0"/>
        <line num="82" count="3" type="stmt"/>
        <line num="85" count="4" type="stmt"/>
        <line num="87" count="3" type="cond" truecount="1" falsecount="1"/>
        <line num="88" count="0" type="stmt"/>
        <line num="93" count="3" type="stmt"/>
        <line num="94" count="3" type="stmt"/>
        <line num="95" count="3" type="stmt"/>
        <line num="96" count="2" type="stmt"/>
        <line num="98" count="3" type="cond" truecount="3" falsecount="1"/>
        <line num="99" count="0" type="stmt"/>
        <line num="101" count="3" type="cond" truecount="2" falsecount="0"/>
        <line num="102" count="2" type="stmt"/>
        <line num="106" count="1" type="stmt"/>
        <line num="142" count="1" type="stmt"/>
      </file>
      <file name="falsePositives.ts" path="/Users/mohitbaghel/Desktop/VibeGuard/vibeguard-cli/src/utils/falsePositives.ts">
        <metrics statements="17" coveredstatements="12" conditionals="7" coveredconditionals="5" methods="2" coveredmethods="2"/>
        <line num="2" count="7" type="cond" truecount="4" falsecount="1"/>
        <line num="3" count="0" type="stmt"/>
        <line num="7" count="7" type="stmt"/>
        <line num="9" count="3" type="stmt"/>
        <line num="10" count="3" type="stmt"/>
        <line num="13" count="7" type="stmt"/>
        <line num="16" count="7" type="stmt"/>
        <line num="18" count="7" type="stmt"/>
        <line num="19" count="0" type="stmt"/>
        <line num="23" count="7" type="stmt"/>
        <line num="24" count="7" type="stmt"/>
        <line num="25" count="3" type="stmt"/>
        <line num="29" count="7" type="cond" truecount="1" falsecount="1"/>
        <line num="30" count="0" type="stmt"/>
        <line num="31" count="0" type="stmt"/>
        <line num="32" count="0" type="stmt"/>
        <line num="36" count="7" type="stmt"/>
      </file>
      <file name="files.ts" path="/Users/mohitbaghel/Desktop/VibeGuard/vibeguard-cli/src/utils/files.ts">
        <metrics statements="50" coveredstatements="47" conditionals="18" coveredconditionals="15" methods="9" coveredmethods="9"/>
        <line num="8" count="1" type="stmt"/>
        <line num="9" count="1" type="stmt"/>
        <line num="14" count="7" type="stmt"/>
        <line num="15" count="201" type="cond" truecount="2" falsecount="0"/>
        <line num="16" count="2" type="stmt"/>
        <line num="19" count="5" type="stmt"/>
        <line num="23" count="14" type="stmt"/>
        <line num="24" count="14" type="cond" truecount="2" falsecount="0"/>
        <line num="25" count="1" type="stmt"/>
        <line num="27" count="13" type="stmt"/>
        <line num="31" count="5" type="stmt"/>
        <line num="33" count="5" type="stmt"/>
        <line num="34" count="5" type="stmt"/>
        <line num="35" count="5" type="stmt"/>
        <line num="36" count="5" type="stmt"/>
        <line num="37" count="5" type="cond" truecount="2" falsecount="0"/>
        <line num="38" count="1" type="stmt"/>
        <line num="41" count="5" type="cond" truecount="1" falsecount="1"/>
        <line num="44" count="4" type="stmt"/>
        <line num="45" count="4" type="stmt"/>
        <line num="47" count="4" type="cond" truecount="1" falsecount="1"/>
        <line num="48" count="0" type="stmt"/>
        <line num="51" count="4" type="stmt"/>
        <line num="52" count="9" type="cond" truecount="1" falsecount="1"/>
        <line num="53" count="0" type="stmt"/>
        <line num="57" count="4" type="stmt"/>
        <line num="59" count="0" type="stmt"/>
        <line num="64" count="3" type="stmt"/>
        <line num="66" count="3" type="stmt"/>
        <line num="67" count="3" type="stmt"/>
        <line num="68" count="3" type="stmt"/>
        <line num="69" count="3" type="stmt"/>
        <line num="71" count="6" type="stmt"/>
        <line num="72" count="6" type="cond" truecount="2" falsecount="0"/>
        <line num="73" count="3" type="stmt"/>
        <line num="78" count="3" type="stmt"/>
        <line num="85" count="3" type="stmt"/>
        <line num="86" count="13" type="stmt"/>
        <line num="87" count="3" type="cond" truecount="2" falsecount="0"/>
        <line num="88" count="1" type="stmt"/>
        <line num="91" count="3" type="stmt"/>
        <line num="99" count="3" type="stmt"/>
        <line num="101" count="3" type="stmt"/>
        <line num="102" count="12" type="stmt"/>
        <line num="103" count="12" type="stmt"/>
        <line num="104" count="12" type="stmt"/>
        <line num="106" count="12" type="cond" truecount="2" falsecount="0"/>
        <line num="107" count="3" type="stmt"/>
        <line num="110" count="9" type="stmt"/>
        <line num="116" count="3" type="stmt"/>
      </file>
      <file name="hooks.ts" path="/Users/mohitbaghel/Desktop/VibeGuard/vibeguard-cli/src/utils/hooks.ts">
        <metrics statements="21" coveredstatements="18" conditionals="10" coveredconditionals="6" methods="2" coveredmethods="2"/>
        <line num="4" count="2" type="stmt"/>
        <line num="15" count="2" type="stmt"/>
        <line num="16" count="2" type="cond" truecount="1" falsecount="1"/>
        <line num="18" count="2" type="stmt"/>
        <line num="19" count="2" type="stmt"/>
        <line num="20" count="2" type="cond" truecount="1" falsecount="1"/>
        <line num="21" count="0" type="stmt"/>
        <line num="24" count="0" type="stmt"/>
        <line num="27" count="2" type="stmt"/>
        <line num="28" count="2" type="stmt"/>
        <line num="32" count="2" type="stmt"/>
        <line num="33" count="2" type="cond" truecount="1" falsecount="1"/>
        <line num="34" count="2" type="stmt"/>
        <line num="36" count="2" type="stmt"/>
        <line num="37" count="2" type="stmt"/>
        <line num="38" count="2" type="cond" truecount="2" falsecount="0"/>
        <line num="39" count="1" type="stmt"/>
        <line num="41" count="1" type="stmt"/>
        <line num="44" count="1" type="cond" truecount="1" falsecount="1"/>
        <line num="45" count="0" type="stmt"/>
        <line num="47" count="1" type="stmt"/>
      </file>
      <file name="output.ts" path="/Users/mohitbaghel/Desktop/VibeGuard/vibeguard-cli/src/utils/output.ts">
        <metrics statements="59" coveredstatements="47" conditionals="46" coveredconditionals="27" methods="7" coveredmethods="6"/>
        <line num="5" count="1" type="cond" truecount="1" falsecount="4"/>
        <line num="6" count="0" type="stmt"/>
        <line num="7" count="1" type="stmt"/>
        <line num="8" count="0" type="stmt"/>
        <line num="9" count="0" type="stmt"/>
        <line num="10" count="0" type="stmt"/>
        <line num="15" count="1" type="cond" truecount="1" falsecount="4"/>
        <line num="16" count="0" type="stmt"/>
        <line num="17" count="1" type="stmt"/>
        <line num="18" count="0" type="stmt"/>
        <line num="19" count="0" type="stmt"/>
        <line num="20" count="0" type="stmt"/>
        <line num="25" count="1" type="stmt"/>
        <line num="27" count="1" type="stmt"/>
        <line num="28" count="1" type="stmt"/>
        <line num="30" count="1" type="cond" truecount="1" falsecount="1"/>
        <line num="31" count="1" type="cond" truecount="1" falsecount="1"/>
        <line num="33" count="1" type="cond" truecount="2" falsecount="0"/>
        <line num="34" count="1" type="cond" truecount="2" falsecount="0"/>
        <line num="36" count="1" type="cond" truecount="2" falsecount="0"/>
        <line num="37" count="1" type="cond" truecount="2" falsecount="0"/>
        <line num="39" count="1" type="stmt"/>
        <line num="40" count="1" type="stmt"/>
        <line num="41" count="1" type="stmt"/>
        <line num="42" count="1" type="stmt"/>
        <line num="44" count="1" type="stmt"/>
        <line num="67" count="1" type="cond" truecount="1" falsecount="1"/>
        <line num="68" count="1" type="stmt"/>
        <line num="70" count="1" type="stmt"/>
        <line num="71" count="0" type="stmt"/>
        <line num="72" count="0" type="stmt"/>
        <line num="75" count="1" type="stmt"/>
        <line num="76" count="1" type="stmt"/>
        <line num="77" count="1" type="stmt"/>
        <line num="78" count="1" type="stmt"/>
        <line num="80" count="1" type="cond" truecount="1" falsecount="1"/>
        <line num="81" count="1" type="cond" truecount="1" falsecount="1"/>
        <line num="82" count="0" type="cond" truecount="0" falsecount="2"/>
        <line num="84" count="1" type="stmt"/>
        <line num="85" count="1" type="stmt"/>
        <line num="86" count="1" type="stmt"/>
        <line num="89" count="1" type="cond" truecount="1" falsecount="1"/>
        <line num="90" count="0" type="stmt"/>
        <line num="94" count="1" type="cond" truecount="1" falsecount="1"/>
        <line num="95" count="1" type="stmt"/>
        <line num="97" count="1" type="stmt"/>
        <line num="101" count="1" type="stmt"/>
        <line num="105" count="6" type="stmt"/>
        <line num="106" count="6" type="cond" truecount="2" falsecount="0"/>
        <line num="107" count="4" type="cond" truecount="2" falsecount="0"/>
        <line num="108" count="3" type="cond" truecount="2" falsecount="0"/>
        <line num="109" count="2" type="cond" truecount="2" falsecount="0"/>
        <line num="111" count="6" type="stmt"/>
        <line num="115" count="1" type="cond" truecount="1" falsecount="1"/>
        <line num="116" count="1" type="stmt"/>
        <line num="117" count="1" type="stmt"/>
        <line num="118" count="1" type="stmt"/>
        <line num="120" count="1" type="cond" truecount="1" falsecount="1"/>
        <line num="122" count="1" type="stmt"/>
      </file>
      <file name="sarif.ts" path="/Users/mohitbaghel/Desktop/VibeGuard/vibeguard-cli/src/utils/sarif.ts">
        <metrics statements="14" coveredstatements="0" conditionals="12" coveredconditionals="0" methods="1" coveredmethods="0"/>
        <line num="4" count="0" type="stmt"/>
        <line num="22" count="0" type="stmt"/>
        <line num="24" count="0" type="stmt"/>
        <line num="25" count="0" type="cond" truecount="0" falsecount="2"/>
        <line num="26" count="0" type="cond" truecount="0" falsecount="2"/>
        <line num="27" count="0" type="stmt"/>
        <line num="28" count="0" type="stmt"/>
        <line num="34" count="0" type="stmt"/>
        <line num="35" count="0" type="cond" truecount="0" falsecount="4"/>
        <line num="36" count="0" type="stmt"/>
        <line num="37" count="0" type="cond" truecount="0" falsecount="2"/>
        <line num="38" count="0" type="stmt"/>
        <line num="41" count="0" type="stmt"/>
        <line num="64" count="0" type="stmt"/>
      </file>
    </package>
  </project>
</coverage>
