{"/Users/mohitbaghel/Desktop/VibeGuard/vibeguard-cli/src/cli/index.ts": {"path":"/Users/mohitbaghel/Desktop/VibeGuard/vibeguard-cli/src/cli/index.ts","statementMap":{"0":{"start":{"line":12,"column":6},"end":{"line":12,"column":null}},"1":{"start":{"line":14,"column":15},"end":{"line":14,"column":null}},"2":{"start":{"line":15,"column":0},"end":{"line":19,"column":null}},"3":{"start":{"line":16,"column":2},"end":{"line":16,"column":null}},"4":{"start":{"line":21,"column":23},"end":{"line":21,"column":null}},"5":{"start":{"line":23,"column":0},"end":{"line":26,"column":null}},"6":{"start":{"line":28,"column":0},"end":{"line":80,"column":null}},"7":{"start":{"line":38,"column":4},"end":{"line":79,"column":null}},"8":{"start":{"line":39,"column":29},"end":{"line":39,"column":null}},"9":{"start":{"line":40,"column":6},"end":{"line":40,"column":null}},"10":{"start":{"line":40,"column":26},"end":{"line":40,"column":null}},"11":{"start":{"line":41,"column":6},"end":{"line":41,"column":null}},"12":{"start":{"line":41,"column":28},"end":{"line":41,"column":null}},"13":{"start":{"line":42,"column":6},"end":{"line":42,"column":null}},"14":{"start":{"line":42,"column":29},"end":{"line":42,"column":null}},"15":{"start":{"line":43,"column":6},"end":{"line":43,"column":null}},"16":{"start":{"line":43,"column":26},"end":{"line":43,"column":null}},"17":{"start":{"line":44,"column":6},"end":{"line":44,"column":null}},"18":{"start":{"line":44,"column":35},"end":{"line":44,"column":null}},"19":{"start":{"line":46,"column":21},"end":{"line":46,"column":null}},"20":{"start":{"line":48,"column":21},"end":{"line":48,"column":null}},"21":{"start":{"line":50,"column":6},"end":{"line":60,"column":null}},"22":{"start":{"line":51,"column":8},"end":{"line":51,"column":null}},"23":{"start":{"line":52,"column":13},"end":{"line":60,"column":null}},"24":{"start":{"line":53,"column":8},"end":{"line":53,"column":null}},"25":{"start":{"line":55,"column":8},"end":{"line":55,"column":null}},"26":{"start":{"line":56,"column":8},"end":{"line":59,"column":null}},"27":{"start":{"line":57,"column":10},"end":{"line":57,"column":null}},"28":{"start":{"line":58,"column":10},"end":{"line":58,"column":null}},"29":{"start":{"line":62,"column":6},"end":{"line":64,"column":null}},"30":{"start":{"line":63,"column":8},"end":{"line":63,"column":null}},"31":{"start":{"line":65,"column":6},"end":{"line":65,"column":null}},"32":{"start":{"line":68,"column":6},"end":{"line":78,"column":null}},"33":{"start":{"line":69,"column":8},"end":{"line":69,"column":null}},"34":{"start":{"line":70,"column":8},"end":{"line":70,"column":null}},"35":{"start":{"line":71,"column":13},"end":{"line":78,"column":null}},"36":{"start":{"line":72,"column":8},"end":{"line":72,"column":null}},"37":{"start":{"line":73,"column":8},"end":{"line":73,"column":null}},"38":{"start":{"line":75,"column":8},"end":{"line":75,"column":null}},"39":{"start":{"line":76,"column":8},"end":{"line":76,"column":null}},"40":{"start":{"line":76,"column":31},"end":{"line":76,"column":null}},"41":{"start":{"line":77,"column":8},"end":{"line":77,"column":null}},"42":{"start":{"line":82,"column":0},"end":{"line":94,"column":null}},"43":{"start":{"line":86,"column":4},"end":{"line":93,"column":null}},"44":{"start":{"line":87,"column":6},"end":{"line":87,"column":null}},"45":{"start":{"line":88,"column":6},"end":{"line":88,"column":null}},"46":{"start":{"line":89,"column":6},"end":{"line":89,"column":null}},"47":{"start":{"line":91,"column":6},"end":{"line":91,"column":null}},"48":{"start":{"line":92,"column":6},"end":{"line":92,"column":null}},"49":{"start":{"line":96,"column":0},"end":{"line":110,"column":null}},"50":{"start":{"line":101,"column":18},"end":{"line":101,"column":null}},"51":{"start":{"line":102,"column":30},"end":{"line":102,"column":null}},"52":{"start":{"line":103,"column":4},"end":{"line":108,"column":null}},"53":{"start":{"line":104,"column":6},"end":{"line":107,"column":null}},"54":{"start":{"line":105,"column":8},"end":{"line":105,"column":null}},"55":{"start":{"line":106,"column":8},"end":{"line":106,"column":null}},"56":{"start":{"line":109,"column":4},"end":{"line":109,"column":null}},"57":{"start":{"line":112,"column":0},"end":{"line":112,"column":null}},"58":{"start":{"line":113,"column":0},"end":{"line":113,"column":null}}},"fnMap":{"0":{"name":"(anonymous_0)","decl":{"start":{"line":37,"column":10},"end":{"line":37,"column":17}},"loc":{"start":{"line":37,"column":39},"end":{"line":80,"column":3}},"line":37},"1":{"name":"(anonymous_1)","decl":{"start":{"line":85,"column":10},"end":{"line":85,"column":22}},"loc":{"start":{"line":85,"column":22},"end":{"line":94,"column":3}},"line":85},"2":{"name":"(anonymous_2)","decl":{"start":{"line":100,"column":3},"end":{"line":100,"column":11}},"loc":{"start":{"line":100,"column":23},"end":{"line":110,"column":3}},"line":100}},"branchMap":{"0":{"loc":{"start":{"line":40,"column":6},"end":{"line":40,"column":null}},"type":"if","locations":[{"start":{"line":40,"column":6},"end":{"line":40,"column":null}},{"start":{},"end":{}}],"line":40},"1":{"loc":{"start":{"line":41,"column":6},"end":{"line":41,"column":null}},"type":"if","locations":[{"start":{"line":41,"column":6},"end":{"line":41,"column":null}},{"start":{},"end":{}}],"line":41},"2":{"loc":{"start":{"line":42,"column":6},"end":{"line":42,"column":null}},"type":"if","locations":[{"start":{"line":42,"column":6},"end":{"line":42,"column":null}},{"start":{},"end":{}}],"line":42},"3":{"loc":{"start":{"line":43,"column":6},"end":{"line":43,"column":null}},"type":"if","locations":[{"start":{"line":43,"column":6},"end":{"line":43,"column":null}},{"start":{},"end":{}}],"line":43},"4":{"loc":{"start":{"line":44,"column":6},"end":{"line":44,"column":null}},"type":"if","locations":[{"start":{"line":44,"column":6},"end":{"line":44,"column":null}},{"start":{},"end":{}}],"line":44},"5":{"loc":{"start":{"line":50,"column":6},"end":{"line":60,"column":null}},"type":"if","locations":[{"start":{"line":50,"column":6},"end":{"line":60,"column":null}},{"start":{"line":52,"column":13},"end":{"line":60,"column":null}}],"line":50},"6":{"loc":{"start":{"line":52,"column":13},"end":{"line":60,"column":null}},"type":"if","locations":[{"start":{"line":52,"column":13},"end":{"line":60,"column":null}},{"start":{"line":54,"column":13},"end":{"line":60,"column":null}}],"line":52},"7":{"loc":{"start":{"line":56,"column":8},"end":{"line":59,"column":null}},"type":"if","locations":[{"start":{"line":56,"column":8},"end":{"line":59,"column":null}},{"start":{},"end":{}}],"line":56},"8":{"loc":{"start":{"line":62,"column":6},"end":{"line":64,"column":null}},"type":"if","locations":[{"start":{"line":62,"column":6},"end":{"line":64,"column":null}},{"start":{},"end":{}}],"line":62},"9":{"loc":{"start":{"line":68,"column":6},"end":{"line":78,"column":null}},"type":"if","locations":[{"start":{"line":68,"column":6},"end":{"line":78,"column":null}},{"start":{"line":71,"column":13},"end":{"line":78,"column":null}}],"line":68},"10":{"loc":{"start":{"line":71,"column":13},"end":{"line":78,"column":null}},"type":"if","locations":[{"start":{"line":71,"column":13},"end":{"line":78,"column":null}},{"start":{"line":74,"column":13},"end":{"line":78,"column":null}}],"line":71},"11":{"loc":{"start":{"line":76,"column":8},"end":{"line":76,"column":null}},"type":"if","locations":[{"start":{"line":76,"column":8},"end":{"line":76,"column":null}},{"start":{},"end":{}}],"line":76},"12":{"loc":{"start":{"line":104,"column":6},"end":{"line":107,"column":null}},"type":"if","locations":[{"start":{"line":104,"column":6},"end":{"line":107,"column":null}},{"start":{},"end":{}}],"line":104},"13":{"loc":{"start":{"line":104,"column":10},"end":{"line":104,"column":40}},"type":"binary-expr","locations":[{"start":{"line":104,"column":10},"end":{"line":104,"column":26}},{"start":{"line":104,"column":26},"end":{"line":104,"column":40}}],"line":104}},"s":{"0":1,"1":1,"2":1,"3":1,"4":1,"5":1,"6":1,"7":0,"8":0,"9":0,"10":0,"11":0,"12":0,"13":0,"14":0,"15":0,"16":0,"17":0,"18":0,"19":0,"20":0,"21":0,"22":0,"23":0,"24":0,"25":0,"26":0,"27":0,"28":0,"29":0,"30":0,"31":0,"32":0,"33":0,"34":0,"35":0,"36":0,"37":0,"38":0,"39":0,"40":0,"41":0,"42":1,"43":1,"44":1,"45":0,"46":0,"47":1,"48":1,"49":1,"50":1,"51":1,"52":1,"53":1,"54":1,"55":1,"56":1,"57":1,"58":1},"f":{"0":0,"1":1,"2":1},"b":{"0":[0,0],"1":[0,0],"2":[0,0],"3":[0,0],"4":[0,0],"5":[0,0],"6":[0,0],"7":[0,0],"8":[0,0],"9":[0,0],"10":[0,0],"11":[0,0],"12":[1,0],"13":[1,1]},"meta":{"lastBranch":14,"lastFunction":3,"lastStatement":59,"seen":{"s:12:6:12:Infinity":0,"s:14:15:14:Infinity":1,"s:15:0:19:Infinity":2,"s:16:2:16:Infinity":3,"s:21:23:21:Infinity":4,"s:23:0:26:Infinity":5,"s:28:0:80:Infinity":6,"f:37:10:37:17":0,"s:38:4:79:Infinity":7,"s:39:29:39:Infinity":8,"b:40:6:40:Infinity:undefined:undefined:undefined:undefined":0,"s:40:6:40:Infinity":9,"s:40:26:40:Infinity":10,"b:41:6:41:Infinity:undefined:undefined:undefined:undefined":1,"s:41:6:41:Infinity":11,"s:41:28:41:Infinity":12,"b:42:6:42:Infinity:undefined:undefined:undefined:undefined":2,"s:42:6:42:Infinity":13,"s:42:29:42:Infinity":14,"b:43:6:43:Infinity:undefined:undefined:undefined:undefined":3,"s:43:6:43:Infinity":15,"s:43:26:43:Infinity":16,"b:44:6:44:Infinity:undefined:undefined:undefined:undefined":4,"s:44:6:44:Infinity":17,"s:44:35:44:Infinity":18,"s:46:21:46:Infinity":19,"s:48:21:48:Infinity":20,"b:50:6:60:Infinity:52:13:60:Infinity":5,"s:50:6:60:Infinity":21,"s:51:8:51:Infinity":22,"b:52:13:60:Infinity:54:13:60:Infinity":6,"s:52:13:60:Infinity":23,"s:53:8:53:Infinity":24,"s:55:8:55:Infinity":25,"b:56:8:59:Infinity:undefined:undefined:undefined:undefined":7,"s:56:8:59:Infinity":26,"s:57:10:57:Infinity":27,"s:58:10:58:Infinity":28,"b:62:6:64:Infinity:undefined:undefined:undefined:undefined":8,"s:62:6:64:Infinity":29,"s:63:8:63:Infinity":30,"s:65:6:65:Infinity":31,"b:68:6:78:Infinity:71:13:78:Infinity":9,"s:68:6:78:Infinity":32,"s:69:8:69:Infinity":33,"s:70:8:70:Infinity":34,"b:71:13:78:Infinity:74:13:78:Infinity":10,"s:71:13:78:Infinity":35,"s:72:8:72:Infinity":36,"s:73:8:73:Infinity":37,"s:75:8:75:Infinity":38,"b:76:8:76:Infinity:undefined:undefined:undefined:undefined":11,"s:76:8:76:Infinity":39,"s:76:31:76:Infinity":40,"s:77:8:77:Infinity":41,"s:82:0:94:Infinity":42,"f:85:10:85:22":1,"s:86:4:93:Infinity":43,"s:87:6:87:Infinity":44,"s:88:6:88:Infinity":45,"s:89:6:89:Infinity":46,"s:91:6:91:Infinity":47,"s:92:6:92:Infinity":48,"s:96:0:110:Infinity":49,"f:100:3:100:11":2,"s:101:18:101:Infinity":50,"s:102:30:102:Infinity":51,"s:103:4:108:Infinity":52,"b:104:6:107:Infinity:undefined:undefined:undefined:undefined":12,"s:104:6:107:Infinity":53,"b:104:10:104:26:104:26:104:40":13,"s:105:8:105:Infinity":54,"s:106:8:106:Infinity":55,"s:109:4:109:Infinity":56,"s:112:0:112:Infinity":57,"s:113:0:113:Infinity":58},"fnNames":{}}}
,"/Users/mohitbaghel/Desktop/VibeGuard/vibeguard-cli/src/commands/fix.ts": {"path":"/Users/mohitbaghel/Desktop/VibeGuard/vibeguard-cli/src/commands/fix.ts","statementMap":{"0":{"start":{"line":10,"column":2},"end":{"line":87,"column":null}},"1":{"start":{"line":16,"column":6},"end":{"line":86,"column":null}},"2":{"start":{"line":17,"column":23},"end":{"line":17,"column":null}},"3":{"start":{"line":18,"column":8},"end":{"line":18,"column":null}},"4":{"start":{"line":20,"column":23},"end":{"line":20,"column":null}},"5":{"start":{"line":22,"column":30},"end":{"line":22,"column":null}},"6":{"start":{"line":22,"column":60},"end":{"line":22,"column":91}},"7":{"start":{"line":24,"column":8},"end":{"line":27,"column":null}},"8":{"start":{"line":25,"column":10},"end":{"line":25,"column":null}},"9":{"start":{"line":26,"column":10},"end":{"line":26,"column":null}},"10":{"start":{"line":29,"column":8},"end":{"line":29,"column":null}},"11":{"start":{"line":32,"column":29},"end":{"line":32,"column":null}},"12":{"start":{"line":33,"column":8},"end":{"line":36,"column":null}},"13":{"start":{"line":34,"column":10},"end":{"line":34,"column":null}},"14":{"start":{"line":34,"column":49},"end":{"line":34,"column":null}},"15":{"start":{"line":35,"column":10},"end":{"line":35,"column":null}},"16":{"start":{"line":38,"column":8},"end":{"line":71,"column":null}},"17":{"start":{"line":39,"column":26},"end":{"line":39,"column":null}},"18":{"start":{"line":40,"column":24},"end":{"line":40,"column":null}},"19":{"start":{"line":42,"column":10},"end":{"line":42,"column":null}},"20":{"start":{"line":45,"column":31},"end":{"line":45,"column":null}},"21":{"start":{"line":45,"column":62},"end":{"line":45,"column":81}},"22":{"start":{"line":47,"column":10},"end":{"line":63,"column":null}},"23":{"start":{"line":48,"column":27},"end":{"line":48,"column":null}},"24":{"start":{"line":50,"column":12},"end":{"line":62,"column":null}},"25":{"start":{"line":51,"column":14},"end":{"line":51,"column":null}},"26":{"start":{"line":52,"column":14},"end":{"line":52,"column":null}},"27":{"start":{"line":53,"column":14},"end":{"line":53,"column":null}},"28":{"start":{"line":56,"column":38},"end":{"line":59,"column":null}},"29":{"start":{"line":61,"column":14},"end":{"line":61,"column":null}},"30":{"start":{"line":65,"column":10},"end":{"line":70,"column":null}},"31":{"start":{"line":66,"column":12},"end":{"line":66,"column":null}},"32":{"start":{"line":67,"column":12},"end":{"line":67,"column":null}},"33":{"start":{"line":69,"column":12},"end":{"line":69,"column":null}},"34":{"start":{"line":73,"column":8},"end":{"line":77,"column":null}},"35":{"start":{"line":74,"column":10},"end":{"line":74,"column":null}},"36":{"start":{"line":76,"column":10},"end":{"line":76,"column":null}},"37":{"start":{"line":80,"column":8},"end":{"line":84,"column":null}},"38":{"start":{"line":81,"column":10},"end":{"line":81,"column":null}},"39":{"start":{"line":83,"column":10},"end":{"line":83,"column":null}},"40":{"start":{"line":85,"column":8},"end":{"line":85,"column":null}}},"fnMap":{"0":{"name":"addFixCommands","decl":{"start":{"line":9,"column":16},"end":{"line":9,"column":31}},"loc":{"start":{"line":9,"column":49},"end":{"line":88,"column":null}},"line":9},"1":{"name":"(anonymous_1)","decl":{"start":{"line":15,"column":12},"end":{"line":15,"column":19}},"loc":{"start":{"line":15,"column":41},"end":{"line":87,"column":5}},"line":15},"2":{"name":"(anonymous_2)","decl":{"start":{"line":22,"column":44},"end":{"line":22,"column":51}},"loc":{"start":{"line":22,"column":60},"end":{"line":22,"column":91}},"line":22},"3":{"name":"(anonymous_3)","decl":{"start":{"line":45,"column":47},"end":{"line":45,"column":53}},"loc":{"start":{"line":45,"column":62},"end":{"line":45,"column":81}},"line":45}},"branchMap":{"0":{"loc":{"start":{"line":24,"column":8},"end":{"line":27,"column":null}},"type":"if","locations":[{"start":{"line":24,"column":8},"end":{"line":27,"column":null}},{"start":{},"end":{}}],"line":24},"1":{"loc":{"start":{"line":34,"column":10},"end":{"line":34,"column":null}},"type":"if","locations":[{"start":{"line":34,"column":10},"end":{"line":34,"column":null}},{"start":{},"end":{}}],"line":34},"2":{"loc":{"start":{"line":48,"column":27},"end":{"line":48,"column":null}},"type":"binary-expr","locations":[{"start":{"line":48,"column":27},"end":{"line":48,"column":45}},{"start":{"line":48,"column":45},"end":{"line":48,"column":null}}],"line":48},"3":{"loc":{"start":{"line":50,"column":12},"end":{"line":62,"column":null}},"type":"if","locations":[{"start":{"line":50,"column":12},"end":{"line":62,"column":null}},{"start":{"line":54,"column":19},"end":{"line":62,"column":null}}],"line":50},"4":{"loc":{"start":{"line":65,"column":10},"end":{"line":70,"column":null}},"type":"if","locations":[{"start":{"line":65,"column":10},"end":{"line":70,"column":null}},{"start":{"line":68,"column":17},"end":{"line":70,"column":null}}],"line":65},"5":{"loc":{"start":{"line":73,"column":8},"end":{"line":77,"column":null}},"type":"if","locations":[{"start":{"line":73,"column":8},"end":{"line":77,"column":null}},{"start":{"line":75,"column":15},"end":{"line":77,"column":null}}],"line":73},"6":{"loc":{"start":{"line":80,"column":8},"end":{"line":84,"column":null}},"type":"if","locations":[{"start":{"line":80,"column":8},"end":{"line":84,"column":null}},{"start":{"line":82,"column":15},"end":{"line":84,"column":null}}],"line":80}},"s":{"0":1,"1":0,"2":0,"3":0,"4":0,"5":0,"6":0,"7":0,"8":0,"9":0,"10":0,"11":0,"12":0,"13":0,"14":0,"15":0,"16":0,"17":0,"18":0,"19":0,"20":0,"21":0,"22":0,"23":0,"24":0,"25":0,"26":0,"27":0,"28":0,"29":0,"30":0,"31":0,"32":0,"33":0,"34":0,"35":0,"36":0,"37":0,"38":0,"39":0,"40":0},"f":{"0":1,"1":0,"2":0,"3":0},"b":{"0":[0,0],"1":[0,0],"2":[0,0],"3":[0,0],"4":[0,0],"5":[0,0],"6":[0,0]},"meta":{"lastBranch":7,"lastFunction":4,"lastStatement":41,"seen":{"f:9:16:9:31":0,"s:10:2:87:Infinity":0,"f:15:12:15:19":1,"s:16:6:86:Infinity":1,"s:17:23:17:Infinity":2,"s:18:8:18:Infinity":3,"s:20:23:20:Infinity":4,"s:22:30:22:Infinity":5,"f:22:44:22:51":2,"s:22:60:22:91":6,"b:24:8:27:Infinity:undefined:undefined:undefined:undefined":0,"s:24:8:27:Infinity":7,"s:25:10:25:Infinity":8,"s:26:10:26:Infinity":9,"s:29:8:29:Infinity":10,"s:32:29:32:Infinity":11,"s:33:8:36:Infinity":12,"b:34:10:34:Infinity:undefined:undefined:undefined:undefined":1,"s:34:10:34:Infinity":13,"s:34:49:34:Infinity":14,"s:35:10:35:Infinity":15,"s:38:8:71:Infinity":16,"s:39:26:39:Infinity":17,"s:40:24:40:Infinity":18,"s:42:10:42:Infinity":19,"s:45:31:45:Infinity":20,"f:45:47:45:53":3,"s:45:62:45:81":21,"s:47:10:63:Infinity":22,"s:48:27:48:Infinity":23,"b:48:27:48:45:48:45:48:Infinity":2,"b:50:12:62:Infinity:54:19:62:Infinity":3,"s:50:12:62:Infinity":24,"s:51:14:51:Infinity":25,"s:52:14:52:Infinity":26,"s:53:14:53:Infinity":27,"s:56:38:59:Infinity":28,"s:61:14:61:Infinity":29,"b:65:10:70:Infinity:68:17:70:Infinity":4,"s:65:10:70:Infinity":30,"s:66:12:66:Infinity":31,"s:67:12:67:Infinity":32,"s:69:12:69:Infinity":33,"b:73:8:77:Infinity:75:15:77:Infinity":5,"s:73:8:77:Infinity":34,"s:74:10:74:Infinity":35,"s:76:10:76:Infinity":36,"b:80:8:84:Infinity:82:15:84:Infinity":6,"s:80:8:84:Infinity":37,"s:81:10:81:Infinity":38,"s:83:10:83:Infinity":39,"s:85:8:85:Infinity":40},"fnNames":{}}}
,"/Users/mohitbaghel/Desktop/VibeGuard/vibeguard-cli/src/commands/hook.ts": {"path":"/Users/mohitbaghel/Desktop/VibeGuard/vibeguard-cli/src/commands/hook.ts","statementMap":{"0":{"start":{"line":5,"column":18},"end":{"line":7,"column":null}},"1":{"start":{"line":9,"column":2},"end":{"line":20,"column":null}},"2":{"start":{"line":13,"column":6},"end":{"line":19,"column":null}},"3":{"start":{"line":14,"column":8},"end":{"line":14,"column":null}},"4":{"start":{"line":15,"column":8},"end":{"line":15,"column":null}},"5":{"start":{"line":17,"column":8},"end":{"line":17,"column":null}},"6":{"start":{"line":18,"column":8},"end":{"line":18,"column":null}},"7":{"start":{"line":22,"column":2},"end":{"line":33,"column":null}},"8":{"start":{"line":26,"column":6},"end":{"line":32,"column":null}},"9":{"start":{"line":27,"column":8},"end":{"line":27,"column":null}},"10":{"start":{"line":28,"column":8},"end":{"line":28,"column":null}},"11":{"start":{"line":30,"column":8},"end":{"line":30,"column":null}},"12":{"start":{"line":31,"column":8},"end":{"line":31,"column":null}}},"fnMap":{"0":{"name":"addHookCommands","decl":{"start":{"line":4,"column":16},"end":{"line":4,"column":32}},"loc":{"start":{"line":4,"column":50},"end":{"line":34,"column":null}},"line":4},"1":{"name":"(anonymous_1)","decl":{"start":{"line":12,"column":12},"end":{"line":12,"column":24}},"loc":{"start":{"line":12,"column":24},"end":{"line":20,"column":5}},"line":12},"2":{"name":"(anonymous_2)","decl":{"start":{"line":25,"column":12},"end":{"line":25,"column":24}},"loc":{"start":{"line":25,"column":24},"end":{"line":33,"column":5}},"line":25}},"branchMap":{},"s":{"0":1,"1":1,"2":0,"3":0,"4":0,"5":0,"6":0,"7":1,"8":0,"9":0,"10":0,"11":0,"12":0},"f":{"0":1,"1":0,"2":0},"b":{},"meta":{"lastBranch":0,"lastFunction":3,"lastStatement":13,"seen":{"f:4:16:4:32":0,"s:5:18:7:Infinity":0,"s:9:2:20:Infinity":1,"f:12:12:12:24":1,"s:13:6:19:Infinity":2,"s:14:8:14:Infinity":3,"s:15:8:15:Infinity":4,"s:17:8:17:Infinity":5,"s:18:8:18:Infinity":6,"s:22:2:33:Infinity":7,"f:25:12:25:24":2,"s:26:6:32:Infinity":8,"s:27:8:27:Infinity":9,"s:28:8:28:Infinity":10,"s:30:8:30:Infinity":11,"s:31:8:31:Infinity":12},"fnNames":{}}}
,"/Users/mohitbaghel/Desktop/VibeGuard/vibeguard-cli/src/core/scanner.ts": {"path":"/Users/mohitbaghel/Desktop/VibeGuard/vibeguard-cli/src/core/scanner.ts","statementMap":{"0":{"start":{"line":21,"column":40},"end":{"line":31,"column":null}},"1":{"start":{"line":34,"column":26},"end":{"line":34,"column":null}},"2":{"start":{"line":35,"column":8},"end":{"line":35,"column":null}},"3":{"start":{"line":37,"column":2},"end":{"line":46,"column":null}},"4":{"start":{"line":38,"column":28},"end":{"line":40,"column":null}},"5":{"start":{"line":39,"column":6},"end":{"line":39,"column":null}},"6":{"start":{"line":41,"column":4},"end":{"line":45,"column":null}},"7":{"start":{"line":44,"column":7},"end":{"line":44,"column":null}},"8":{"start":{"line":49,"column":16},"end":{"line":49,"column":null}},"9":{"start":{"line":50,"column":34},"end":{"line":50,"column":null}},"10":{"start":{"line":52,"column":2},"end":{"line":77,"column":null}},"11":{"start":{"line":53,"column":4},"end":{"line":55,"column":null}},"12":{"start":{"line":54,"column":6},"end":{"line":54,"column":null}},"13":{"start":{"line":58,"column":4},"end":{"line":74,"column":null}},"14":{"start":{"line":59,"column":23},"end":{"line":59,"column":null}},"15":{"start":{"line":60,"column":6},"end":{"line":73,"column":null}},"16":{"start":{"line":62,"column":22},"end":{"line":62,"column":null}},"17":{"start":{"line":63,"column":8},"end":{"line":72,"column":null}},"18":{"start":{"line":64,"column":30},"end":{"line":64,"column":null}},"19":{"start":{"line":66,"column":10},"end":{"line":68,"column":null}},"20":{"start":{"line":67,"column":12},"end":{"line":67,"column":null}},"21":{"start":{"line":71,"column":10},"end":{"line":71,"column":null}},"22":{"start":{"line":76,"column":4},"end":{"line":76,"column":null}},"23":{"start":{"line":79,"column":2},"end":{"line":79,"column":null}},"24":{"start":{"line":83,"column":20},"end":{"line":83,"column":null}},"25":{"start":{"line":84,"column":31},"end":{"line":84,"column":null}},"26":{"start":{"line":86,"column":20},"end":{"line":86,"column":null}},"27":{"start":{"line":88,"column":26},"end":{"line":88,"column":null}},"28":{"start":{"line":88,"column":51},"end":{"line":88,"column":83}},"29":{"start":{"line":90,"column":26},"end":{"line":90,"column":null}},"30":{"start":{"line":91,"column":21},"end":{"line":91,"column":null}},"31":{"start":{"line":92,"column":29},"end":{"line":92,"column":null}},"32":{"start":{"line":95,"column":2},"end":{"line":99,"column":null}},"33":{"start":{"line":96,"column":4},"end":{"line":98,"column":null}},"34":{"start":{"line":97,"column":6},"end":{"line":97,"column":null}},"35":{"start":{"line":101,"column":2},"end":{"line":113,"column":null}},"36":{"start":{"line":102,"column":20},"end":{"line":102,"column":null}},"37":{"start":{"line":103,"column":20},"end":{"line":103,"column":null}},"38":{"start":{"line":104,"column":4},"end":{"line":107,"column":null}},"39":{"start":{"line":105,"column":6},"end":{"line":105,"column":null}},"40":{"start":{"line":106,"column":6},"end":{"line":106,"column":null}},"41":{"start":{"line":109,"column":4},"end":{"line":109,"column":null}},"42":{"start":{"line":111,"column":23},"end":{"line":111,"column":null}},"43":{"start":{"line":112,"column":4},"end":{"line":112,"column":null}},"44":{"start":{"line":115,"column":8},"end":{"line":115,"column":null}},"45":{"start":{"line":116,"column":31},"end":{"line":116,"column":null}},"46":{"start":{"line":118,"column":2},"end":{"line":127,"column":null}},"47":{"start":{"line":119,"column":4},"end":{"line":125,"column":null}},"48":{"start":{"line":120,"column":27},"end":{"line":120,"column":null}},"49":{"start":{"line":121,"column":6},"end":{"line":121,"column":null}},"50":{"start":{"line":121,"column":34},"end":{"line":121,"column":null}},"51":{"start":{"line":122,"column":6},"end":{"line":124,"column":null}},"52":{"start":{"line":123,"column":8},"end":{"line":123,"column":null}},"53":{"start":{"line":126,"column":4},"end":{"line":126,"column":null}},"54":{"start":{"line":129,"column":54},"end":{"line":134,"column":null}},"55":{"start":{"line":136,"column":52},"end":{"line":136,"column":null}},"56":{"start":{"line":138,"column":2},"end":{"line":145,"column":null}},"57":{"start":{"line":139,"column":4},"end":{"line":139,"column":null}},"58":{"start":{"line":141,"column":4},"end":{"line":143,"column":null}},"59":{"start":{"line":142,"column":6},"end":{"line":142,"column":null}},"60":{"start":{"line":144,"column":4},"end":{"line":144,"column":null}},"61":{"start":{"line":147,"column":84},"end":{"line":147,"column":null}},"62":{"start":{"line":148,"column":2},"end":{"line":150,"column":null}},"63":{"start":{"line":149,"column":4},"end":{"line":149,"column":null}},"64":{"start":{"line":152,"column":24},"end":{"line":152,"column":null}},"65":{"start":{"line":154,"column":21},"end":{"line":154,"column":null}},"66":{"start":{"line":156,"column":2},"end":{"line":170,"column":null}}},"fnMap":{"0":{"name":"scanFile","decl":{"start":{"line":33,"column":16},"end":{"line":33,"column":25}},"loc":{"start":{"line":33,"column":92},"end":{"line":80,"column":null}},"line":33},"1":{"name":"(anonymous_1)","decl":{"start":{"line":38,"column":57},"end":{"line":38,"column":62}},"loc":{"start":{"line":39,"column":6},"end":{"line":39,"column":null}},"line":39},"2":{"name":"scan","decl":{"start":{"line":82,"column":22},"end":{"line":82,"column":27}},"loc":{"start":{"line":82,"column":73},"end":{"line":171,"column":null}},"line":82},"3":{"name":"(anonymous_3)","decl":{"start":{"line":88,"column":39},"end":{"line":88,"column":46}},"loc":{"start":{"line":88,"column":51},"end":{"line":88,"column":83}},"line":88}},"branchMap":{"0":{"loc":{"start":{"line":39,"column":6},"end":{"line":39,"column":null}},"type":"binary-expr","locations":[{"start":{"line":39,"column":6},"end":{"line":39,"column":33}},{"start":{"line":39,"column":33},"end":{"line":39,"column":51}},{"start":{"line":39,"column":51},"end":{"line":39,"column":null}}],"line":39},"1":{"loc":{"start":{"line":41,"column":4},"end":{"line":45,"column":null}},"type":"if","locations":[{"start":{"line":41,"column":4},"end":{"line":45,"column":null}},{"start":{},"end":{}}],"line":41},"2":{"loc":{"start":{"line":41,"column":8},"end":{"line":41,"column":72}},"type":"binary-expr","locations":[{"start":{"line":41,"column":8},"end":{"line":41,"column":27}},{"start":{"line":41,"column":27},"end":{"line":41,"column":72}}],"line":41},"3":{"loc":{"start":{"line":53,"column":4},"end":{"line":55,"column":null}},"type":"if","locations":[{"start":{"line":53,"column":4},"end":{"line":55,"column":null}},{"start":{},"end":{}}],"line":53},"4":{"loc":{"start":{"line":53,"column":8},"end":{"line":53,"column":54}},"type":"binary-expr","locations":[{"start":{"line":53,"column":8},"end":{"line":53,"column":26}},{"start":{"line":53,"column":26},"end":{"line":53,"column":54}}],"line":53},"5":{"loc":{"start":{"line":58,"column":4},"end":{"line":74,"column":null}},"type":"if","locations":[{"start":{"line":58,"column":4},"end":{"line":74,"column":null}},{"start":{},"end":{}}],"line":58},"6":{"loc":{"start":{"line":60,"column":6},"end":{"line":73,"column":null}},"type":"if","locations":[{"start":{"line":60,"column":6},"end":{"line":73,"column":null}},{"start":{},"end":{}}],"line":60},"7":{"loc":{"start":{"line":60,"column":10},"end":{"line":60,"column":72}},"type":"binary-expr","locations":[{"start":{"line":60,"column":10},"end":{"line":60,"column":22}},{"start":{"line":60,"column":22},"end":{"line":60,"column":72}}],"line":60},"8":{"loc":{"start":{"line":63,"column":8},"end":{"line":72,"column":null}},"type":"if","locations":[{"start":{"line":63,"column":8},"end":{"line":72,"column":null}},{"start":{"line":69,"column":15},"end":{"line":72,"column":null}}],"line":63},"9":{"loc":{"start":{"line":66,"column":10},"end":{"line":68,"column":null}},"type":"if","locations":[{"start":{"line":66,"column":10},"end":{"line":68,"column":null}},{"start":{},"end":{}}],"line":66},"10":{"loc":{"start":{"line":66,"column":14},"end":{"line":66,"column":80}},"type":"binary-expr","locations":[{"start":{"line":66,"column":14},"end":{"line":66,"column":50}},{"start":{"line":66,"column":50},"end":{"line":66,"column":80}}],"line":66},"11":{"loc":{"start":{"line":96,"column":4},"end":{"line":98,"column":null}},"type":"if","locations":[{"start":{"line":96,"column":4},"end":{"line":98,"column":null}},{"start":{},"end":{}}],"line":96},"12":{"loc":{"start":{"line":96,"column":8},"end":{"line":96,"column":79}},"type":"binary-expr","locations":[{"start":{"line":96,"column":8},"end":{"line":96,"column":36}},{"start":{"line":96,"column":36},"end":{"line":96,"column":79}}],"line":96},"13":{"loc":{"start":{"line":104,"column":4},"end":{"line":107,"column":null}},"type":"if","locations":[{"start":{"line":104,"column":4},"end":{"line":107,"column":null}},{"start":{},"end":{}}],"line":104},"14":{"loc":{"start":{"line":119,"column":4},"end":{"line":125,"column":null}},"type":"if","locations":[{"start":{"line":119,"column":4},"end":{"line":125,"column":null}},{"start":{},"end":{}}],"line":119},"15":{"loc":{"start":{"line":119,"column":8},"end":{"line":119,"column":82}},"type":"binary-expr","locations":[{"start":{"line":119,"column":8},"end":{"line":119,"column":24}},{"start":{"line":119,"column":24},"end":{"line":119,"column":40}},{"start":{"line":119,"column":40},"end":{"line":119,"column":82}}],"line":119},"16":{"loc":{"start":{"line":121,"column":6},"end":{"line":121,"column":null}},"type":"if","locations":[{"start":{"line":121,"column":6},"end":{"line":121,"column":null}},{"start":{},"end":{}}],"line":121},"17":{"loc":{"start":{"line":122,"column":6},"end":{"line":124,"column":null}},"type":"if","locations":[{"start":{"line":122,"column":6},"end":{"line":124,"column":null}},{"start":{},"end":{}}],"line":122},"18":{"loc":{"start":{"line":141,"column":4},"end":{"line":143,"column":null}},"type":"if","locations":[{"start":{"line":141,"column":4},"end":{"line":143,"column":null}},{"start":{},"end":{}}],"line":141},"19":{"loc":{"start":{"line":149,"column":74},"end":{"line":149,"column":109}},"type":"binary-expr","locations":[{"start":{"line":149,"column":74},"end":{"line":149,"column":107}},{"start":{"line":149,"column":107},"end":{"line":149,"column":109}}],"line":149}},"s":{"0":3,"1":7,"2":7,"3":7,"4":63,"5":63,"6":63,"7":63,"8":7,"9":7,"10":7,"11":8,"12":8,"13":8,"14":4,"15":4,"16":4,"17":4,"18":3,"19":3,"20":1,"21":1,"22":6,"23":7,"24":1,"25":1,"26":1,"27":1,"28":9,"29":1,"30":1,"31":1,"32":1,"33":9,"34":1,"35":1,"36":3,"37":3,"38":3,"39":0,"40":0,"41":3,"42":3,"43":3,"44":1,"45":1,"46":1,"47":3,"48":0,"49":0,"50":0,"51":0,"52":0,"53":3,"54":1,"55":1,"56":1,"57":3,"58":3,"59":3,"60":3,"61":1,"62":1,"63":9,"64":1,"65":1,"66":1},"f":{"0":7,"1":63,"2":1,"3":9},"b":{"0":[63,0,0],"1":[63,0],"2":[63,0],"3":[8,0],"4":[8,8],"5":[4,4],"6":[4,0],"7":[4,4],"8":[3,1],"9":[1,2],"10":[3,3],"11":[1,8],"12":[9,1],"13":[0,3],"14":[0,3],"15":[3,2,2],"16":[0,0],"17":[0,0],"18":[3,0],"19":[9,6]},"meta":{"lastBranch":20,"lastFunction":4,"lastStatement":67,"seen":{"s:21:40:31:Infinity":0,"f:33:16:33:25":0,"s:34:26:34:Infinity":1,"s:35:8:35:Infinity":2,"s:37:2:46:Infinity":3,"s:38:28:40:Infinity":4,"f:38:57:38:62":1,"s:39:6:39:Infinity":5,"b:39:6:39:33:39:33:39:51:39:51:39:Infinity":0,"b:41:4:45:Infinity:undefined:undefined:undefined:undefined":1,"s:41:4:45:Infinity":6,"b:41:8:41:27:41:27:41:72":2,"s:44:7:44:Infinity":7,"s:49:16:49:Infinity":8,"s:50:34:50:Infinity":9,"s:52:2:77:Infinity":10,"b:53:4:55:Infinity:undefined:undefined:undefined:undefined":3,"s:53:4:55:Infinity":11,"b:53:8:53:26:53:26:53:54":4,"s:54:6:54:Infinity":12,"b:58:4:74:Infinity:undefined:undefined:undefined:undefined":5,"s:58:4:74:Infinity":13,"s:59:23:59:Infinity":14,"b:60:6:73:Infinity:undefined:undefined:undefined:undefined":6,"s:60:6:73:Infinity":15,"b:60:10:60:22:60:22:60:72":7,"s:62:22:62:Infinity":16,"b:63:8:72:Infinity:69:15:72:Infinity":8,"s:63:8:72:Infinity":17,"s:64:30:64:Infinity":18,"b:66:10:68:Infinity:undefined:undefined:undefined:undefined":9,"s:66:10:68:Infinity":19,"b:66:14:66:50:66:50:66:80":10,"s:67:12:67:Infinity":20,"s:71:10:71:Infinity":21,"s:76:4:76:Infinity":22,"s:79:2:79:Infinity":23,"f:82:22:82:27":2,"s:83:20:83:Infinity":24,"s:84:31:84:Infinity":25,"s:86:20:86:Infinity":26,"s:88:26:88:Infinity":27,"f:88:39:88:46":3,"s:88:51:88:83":28,"s:90:26:90:Infinity":29,"s:91:21:91:Infinity":30,"s:92:29:92:Infinity":31,"s:95:2:99:Infinity":32,"b:96:4:98:Infinity:undefined:undefined:undefined:undefined":11,"s:96:4:98:Infinity":33,"b:96:8:96:36:96:36:96:79":12,"s:97:6:97:Infinity":34,"s:101:2:113:Infinity":35,"s:102:20:102:Infinity":36,"s:103:20:103:Infinity":37,"b:104:4:107:Infinity:undefined:undefined:undefined:undefined":13,"s:104:4:107:Infinity":38,"s:105:6:105:Infinity":39,"s:106:6:106:Infinity":40,"s:109:4:109:Infinity":41,"s:111:23:111:Infinity":42,"s:112:4:112:Infinity":43,"s:115:8:115:Infinity":44,"s:116:31:116:Infinity":45,"s:118:2:127:Infinity":46,"b:119:4:125:Infinity:undefined:undefined:undefined:undefined":14,"s:119:4:125:Infinity":47,"b:119:8:119:24:119:24:119:40:119:40:119:82":15,"s:120:27:120:Infinity":48,"b:121:6:121:Infinity:undefined:undefined:undefined:undefined":16,"s:121:6:121:Infinity":49,"s:121:34:121:Infinity":50,"b:122:6:124:Infinity:undefined:undefined:undefined:undefined":17,"s:122:6:124:Infinity":51,"s:123:8:123:Infinity":52,"s:126:4:126:Infinity":53,"s:129:54:134:Infinity":54,"s:136:52:136:Infinity":55,"s:138:2:145:Infinity":56,"s:139:4:139:Infinity":57,"b:141:4:143:Infinity:undefined:undefined:undefined:undefined":18,"s:141:4:143:Infinity":58,"s:142:6:142:Infinity":59,"s:144:4:144:Infinity":60,"s:147:84:147:Infinity":61,"s:148:2:150:Infinity":62,"s:149:4:149:Infinity":63,"b:149:74:149:107:149:107:149:109":19,"s:152:24:152:Infinity":64,"s:154:21:154:Infinity":65,"s:156:2:170:Infinity":66},"fnNames":{}}}
,"/Users/mohitbaghel/Desktop/VibeGuard/vibeguard-cli/src/core/scoring.ts": {"path":"/Users/mohitbaghel/Desktop/VibeGuard/vibeguard-cli/src/core/scoring.ts","statementMap":{"0":{"start":{"line":4,"column":15},"end":{"line":4,"column":null}},"1":{"start":{"line":5,"column":27},"end":{"line":5,"column":null}},"2":{"start":{"line":6,"column":2},"end":{"line":12,"column":null}},"3":{"start":{"line":7,"column":16},"end":{"line":7,"column":null}},"4":{"start":{"line":8,"column":4},"end":{"line":11,"column":null}},"5":{"start":{"line":9,"column":6},"end":{"line":9,"column":null}},"6":{"start":{"line":10,"column":6},"end":{"line":10,"column":null}},"7":{"start":{"line":13,"column":2},"end":{"line":13,"column":null}},"8":{"start":{"line":17,"column":21},"end":{"line":17,"column":null}},"9":{"start":{"line":18,"column":2},"end":{"line":21,"column":null}},"10":{"start":{"line":19,"column":4},"end":{"line":19,"column":null}},"11":{"start":{"line":19,"column":41},"end":{"line":19,"column":null}},"12":{"start":{"line":20,"column":4},"end":{"line":20,"column":null}},"13":{"start":{"line":23,"column":21},"end":{"line":23,"column":null}},"14":{"start":{"line":24,"column":2},"end":{"line":41,"column":null}},"15":{"start":{"line":25,"column":22},"end":{"line":25,"column":null}},"16":{"start":{"line":26,"column":25},"end":{"line":26,"column":null}},"17":{"start":{"line":26,"column":53},"end":{"line":26,"column":112}},"18":{"start":{"line":28,"column":4},"end":{"line":38,"column":null}},"19":{"start":{"line":28,"column":17},"end":{"line":28,"column":20}},"20":{"start":{"line":29,"column":20},"end":{"line":29,"column":null}},"21":{"start":{"line":30,"column":24},"end":{"line":30,"column":null}},"22":{"start":{"line":31,"column":6},"end":{"line":34,"column":null}},"23":{"start":{"line":31,"column":48},"end":{"line":31,"column":null}},"24":{"start":{"line":32,"column":11},"end":{"line":34,"column":null}},"25":{"start":{"line":32,"column":49},"end":{"line":32,"column":null}},"26":{"start":{"line":33,"column":11},"end":{"line":34,"column":null}},"27":{"start":{"line":33,"column":51},"end":{"line":33,"column":null}},"28":{"start":{"line":34,"column":11},"end":{"line":34,"column":null}},"29":{"start":{"line":34,"column":48},"end":{"line":34,"column":null}},"30":{"start":{"line":37,"column":6},"end":{"line":37,"column":null}},"31":{"start":{"line":40,"column":4},"end":{"line":40,"column":null}},"32":{"start":{"line":42,"column":2},"end":{"line":42,"column":null}},"33":{"start":{"line":46,"column":37},"end":{"line":46,"column":null}},"34":{"start":{"line":48,"column":2},"end":{"line":52,"column":null}},"35":{"start":{"line":49,"column":4},"end":{"line":51,"column":null}},"36":{"start":{"line":50,"column":6},"end":{"line":50,"column":null}},"37":{"start":{"line":54,"column":18},"end":{"line":54,"column":null}},"38":{"start":{"line":55,"column":16},"end":{"line":55,"column":null}},"39":{"start":{"line":57,"column":2},"end":{"line":62,"column":null}},"40":{"start":{"line":66,"column":18},"end":{"line":66,"column":null}},"41":{"start":{"line":67,"column":23},"end":{"line":67,"column":null}},"42":{"start":{"line":69,"column":28},"end":{"line":69,"column":null}},"43":{"start":{"line":70,"column":2},"end":{"line":75,"column":null}},"44":{"start":{"line":71,"column":4},"end":{"line":74,"column":null}},"45":{"start":{"line":72,"column":6},"end":{"line":72,"column":null}},"46":{"start":{"line":73,"column":6},"end":{"line":73,"column":null}},"47":{"start":{"line":77,"column":2},"end":{"line":77,"column":null}}},"fnMap":{"0":{"name":"deduplicateIssues","decl":{"start":{"line":3,"column":16},"end":{"line":3,"column":34}},"loc":{"start":{"line":3,"column":60},"end":{"line":14,"column":null}},"line":3},"1":{"name":"calculatePenalty","decl":{"start":{"line":16,"column":9},"end":{"line":16,"column":26}},"loc":{"start":{"line":16,"column":51},"end":{"line":43,"column":null}},"line":16},"2":{"name":"(anonymous_2)","decl":{"start":{"line":26,"column":38},"end":{"line":26,"column":44}},"loc":{"start":{"line":26,"column":53},"end":{"line":26,"column":112}},"line":26},"3":{"name":"calculateCategoryScore","decl":{"start":{"line":45,"column":16},"end":{"line":45,"column":39}},"loc":{"start":{"line":45,"column":85},"end":{"line":63,"column":null}},"line":45},"4":{"name":"calculateScore","decl":{"start":{"line":65,"column":16},"end":{"line":65,"column":31}},"loc":{"start":{"line":65,"column":95},"end":{"line":78,"column":null}},"line":65}},"branchMap":{"0":{"loc":{"start":{"line":8,"column":4},"end":{"line":11,"column":null}},"type":"if","locations":[{"start":{"line":8,"column":4},"end":{"line":11,"column":null}},{"start":{},"end":{}}],"line":8},"1":{"loc":{"start":{"line":19,"column":4},"end":{"line":19,"column":null}},"type":"if","locations":[{"start":{"line":19,"column":4},"end":{"line":19,"column":null}},{"start":{},"end":{}}],"line":19},"2":{"loc":{"start":{"line":31,"column":6},"end":{"line":34,"column":null}},"type":"if","locations":[{"start":{"line":31,"column":6},"end":{"line":34,"column":null}},{"start":{"line":32,"column":11},"end":{"line":34,"column":null}}],"line":31},"3":{"loc":{"start":{"line":32,"column":11},"end":{"line":34,"column":null}},"type":"if","locations":[{"start":{"line":32,"column":11},"end":{"line":34,"column":null}},{"start":{"line":33,"column":11},"end":{"line":34,"column":null}}],"line":32},"4":{"loc":{"start":{"line":33,"column":11},"end":{"line":34,"column":null}},"type":"if","locations":[{"start":{"line":33,"column":11},"end":{"line":34,"column":null}},{"start":{"line":34,"column":11},"end":{"line":34,"column":null}}],"line":33},"5":{"loc":{"start":{"line":34,"column":11},"end":{"line":34,"column":null}},"type":"if","locations":[{"start":{"line":34,"column":11},"end":{"line":34,"column":null}},{"start":{},"end":{}}],"line":34},"6":{"loc":{"start":{"line":49,"column":4},"end":{"line":51,"column":null}},"type":"if","locations":[{"start":{"line":49,"column":4},"end":{"line":51,"column":null}},{"start":{},"end":{}}],"line":49},"7":{"loc":{"start":{"line":49,"column":8},"end":{"line":49,"column":90}},"type":"binary-expr","locations":[{"start":{"line":49,"column":8},"end":{"line":49,"column":24}},{"start":{"line":49,"column":24},"end":{"line":49,"column":90}}],"line":49},"8":{"loc":{"start":{"line":71,"column":4},"end":{"line":74,"column":null}},"type":"if","locations":[{"start":{"line":71,"column":4},"end":{"line":74,"column":null}},{"start":{},"end":{}}],"line":71},"9":{"loc":{"start":{"line":71,"column":8},"end":{"line":71,"column":52}},"type":"binary-expr","locations":[{"start":{"line":71,"column":8},"end":{"line":71,"column":31}},{"start":{"line":71,"column":31},"end":{"line":71,"column":52}}],"line":71}},"s":{"0":2,"1":2,"2":2,"3":6,"4":6,"5":5,"6":5,"7":2,"8":11,"9":11,"10":8,"11":7,"12":8,"13":11,"14":11,"15":7,"16":7,"17":1,"18":7,"19":7,"20":8,"21":8,"22":8,"23":5,"24":3,"25":3,"26":0,"27":0,"28":0,"29":0,"30":8,"31":7,"32":11,"33":9,"34":9,"35":3,"36":3,"37":9,"38":9,"39":9,"40":2,"41":2,"42":2,"43":2,"44":7,"45":2,"46":2,"47":2},"f":{"0":2,"1":11,"2":1,"3":9,"4":2},"b":{"0":[5,1],"1":[7,1],"2":[5,3],"3":[3,0],"4":[0,0],"5":[0,0],"6":[3,0],"7":[3,0],"8":[2,5],"9":[7,2]},"meta":{"lastBranch":10,"lastFunction":5,"lastStatement":48,"seen":{"f:3:16:3:34":0,"s:4:15:4:Infinity":0,"s:5:27:5:Infinity":1,"s:6:2:12:Infinity":2,"s:7:16:7:Infinity":3,"b:8:4:11:Infinity:undefined:undefined:undefined:undefined":0,"s:8:4:11:Infinity":4,"s:9:6:9:Infinity":5,"s:10:6:10:Infinity":6,"s:13:2:13:Infinity":7,"f:16:9:16:26":1,"s:17:21:17:Infinity":8,"s:18:2:21:Infinity":9,"b:19:4:19:Infinity:undefined:undefined:undefined:undefined":1,"s:19:4:19:Infinity":10,"s:19:41:19:Infinity":11,"s:20:4:20:Infinity":12,"s:23:21:23:Infinity":13,"s:24:2:41:Infinity":14,"s:25:22:25:Infinity":15,"s:26:25:26:Infinity":16,"f:26:38:26:44":2,"s:26:53:26:112":17,"s:28:4:38:Infinity":18,"s:28:17:28:20":19,"s:29:20:29:Infinity":20,"s:30:24:30:Infinity":21,"b:31:6:34:Infinity:32:11:34:Infinity":2,"s:31:6:34:Infinity":22,"s:31:48:31:Infinity":23,"b:32:11:34:Infinity:33:11:34:Infinity":3,"s:32:11:34:Infinity":24,"s:32:49:32:Infinity":25,"b:33:11:34:Infinity:34:11:34:Infinity":4,"s:33:11:34:Infinity":26,"s:33:51:33:Infinity":27,"b:34:11:34:Infinity:undefined:undefined:undefined:undefined":5,"s:34:11:34:Infinity":28,"s:34:48:34:Infinity":29,"s:37:6:37:Infinity":30,"s:40:4:40:Infinity":31,"s:42:2:42:Infinity":32,"f:45:16:45:39":3,"s:46:37:46:Infinity":33,"s:48:2:52:Infinity":34,"b:49:4:51:Infinity:undefined:undefined:undefined:undefined":6,"s:49:4:51:Infinity":35,"b:49:8:49:24:49:24:49:90":7,"s:50:6:50:Infinity":36,"s:54:18:54:Infinity":37,"s:55:16:55:Infinity":38,"s:57:2:62:Infinity":39,"f:65:16:65:31":4,"s:66:18:66:Infinity":40,"s:67:23:67:Infinity":41,"s:69:28:69:Infinity":42,"s:70:2:75:Infinity":43,"b:71:4:74:Infinity:undefined:undefined:undefined:undefined":8,"s:71:4:74:Infinity":44,"b:71:8:71:31:71:31:71:52":9,"s:72:6:72:Infinity":45,"s:73:6:73:Infinity":46,"s:77:2:77:Infinity":47},"fnNames":{}}}
,"/Users/mohitbaghel/Desktop/VibeGuard/vibeguard-cli/src/core/ast/taintAnalyzer.ts": {"path":"/Users/mohitbaghel/Desktop/VibeGuard/vibeguard-cli/src/core/ast/taintAnalyzer.ts","statementMap":{"0":{"start":{"line":5,"column":24},"end":{"line":5,"column":null}},"1":{"start":{"line":6,"column":18},"end":{"line":6,"column":null}},"2":{"start":{"line":7,"column":18},"end":{"line":7,"column":null}},"3":{"start":{"line":8,"column":19},"end":{"line":8,"column":null}},"4":{"start":{"line":11,"column":2},"end":{"line":11,"column":null}},"5":{"start":{"line":16,"column":24},"end":{"line":16,"column":null}},"6":{"start":{"line":17,"column":2},"end":{"line":17,"column":null}},"7":{"start":{"line":17,"column":36},"end":{"line":17,"column":null}},"8":{"start":{"line":19,"column":21},"end":{"line":19,"column":null}},"9":{"start":{"line":20,"column":27},"end":{"line":20,"column":null}},"10":{"start":{"line":21,"column":26},"end":{"line":21,"column":null}},"11":{"start":{"line":24,"column":4},"end":{"line":28,"column":null}},"12":{"start":{"line":25,"column":19},"end":{"line":25,"column":null}},"13":{"start":{"line":26,"column":6},"end":{"line":26,"column":null}},"14":{"start":{"line":26,"column":41},"end":{"line":26,"column":64}},"15":{"start":{"line":26,"column":67},"end":{"line":26,"column":null}},"16":{"start":{"line":27,"column":6},"end":{"line":27,"column":null}},"17":{"start":{"line":27,"column":48},"end":{"line":27,"column":null}},"18":{"start":{"line":29,"column":4},"end":{"line":31,"column":null}},"19":{"start":{"line":30,"column":6},"end":{"line":30,"column":null}},"20":{"start":{"line":32,"column":4},"end":{"line":34,"column":null}},"21":{"start":{"line":33,"column":6},"end":{"line":33,"column":null}},"22":{"start":{"line":35,"column":4},"end":{"line":37,"column":null}},"23":{"start":{"line":36,"column":6},"end":{"line":36,"column":null}},"24":{"start":{"line":36,"column":45},"end":{"line":36,"column":81}},"25":{"start":{"line":38,"column":4},"end":{"line":40,"column":null}},"26":{"start":{"line":39,"column":6},"end":{"line":39,"column":null}},"27":{"start":{"line":39,"column":40},"end":{"line":39,"column":64}},"28":{"start":{"line":41,"column":4},"end":{"line":41,"column":null}},"29":{"start":{"line":46,"column":4},"end":{"line":58,"column":null}},"30":{"start":{"line":47,"column":6},"end":{"line":57,"column":null}},"31":{"start":{"line":48,"column":8},"end":{"line":56,"column":null}},"32":{"start":{"line":49,"column":10},"end":{"line":49,"column":null}},"33":{"start":{"line":50,"column":15},"end":{"line":56,"column":null}},"34":{"start":{"line":51,"column":10},"end":{"line":55,"column":null}},"35":{"start":{"line":52,"column":12},"end":{"line":54,"column":null}},"36":{"start":{"line":53,"column":14},"end":{"line":53,"column":null}},"37":{"start":{"line":61,"column":4},"end":{"line":70,"column":null}},"38":{"start":{"line":62,"column":21},"end":{"line":62,"column":null}},"39":{"start":{"line":63,"column":6},"end":{"line":69,"column":null}},"40":{"start":{"line":64,"column":8},"end":{"line":68,"column":null}},"41":{"start":{"line":65,"column":10},"end":{"line":65,"column":null}},"42":{"start":{"line":67,"column":10},"end":{"line":67,"column":null}},"43":{"start":{"line":73,"column":4},"end":{"line":123,"column":null}},"44":{"start":{"line":74,"column":25},"end":{"line":74,"column":null}},"45":{"start":{"line":75,"column":6},"end":{"line":79,"column":null}},"46":{"start":{"line":76,"column":8},"end":{"line":76,"column":null}},"47":{"start":{"line":77,"column":13},"end":{"line":79,"column":null}},"48":{"start":{"line":78,"column":8},"end":{"line":78,"column":null}},"49":{"start":{"line":81,"column":6},"end":{"line":122,"column":null}},"50":{"start":{"line":82,"column":20},"end":{"line":82,"column":null}},"51":{"start":{"line":83,"column":20},"end":{"line":83,"column":null}},"52":{"start":{"line":84,"column":21},"end":{"line":84,"column":null}},"53":{"start":{"line":86,"column":8},"end":{"line":121,"column":null}},"54":{"start":{"line":88,"column":31},"end":{"line":88,"column":null}},"55":{"start":{"line":88,"column":58},"end":{"line":88,"column":82}},"56":{"start":{"line":89,"column":10},"end":{"line":120,"column":null}},"57":{"start":{"line":90,"column":24},"end":{"line":90,"column":null}},"58":{"start":{"line":91,"column":31},"end":{"line":91,"column":null}},"59":{"start":{"line":93,"column":30},"end":{"line":93,"column":null}},"60":{"start":{"line":94,"column":26},"end":{"line":94,"column":null}},"61":{"start":{"line":95,"column":12},"end":{"line":95,"column":null}},"62":{"start":{"line":95,"column":32},"end":{"line":95,"column":null}},"63":{"start":{"line":96,"column":32},"end":{"line":96,"column":null}},"64":{"start":{"line":98,"column":23},"end":{"line":98,"column":null}},"65":{"start":{"line":99,"column":25},"end":{"line":99,"column":null}},"66":{"start":{"line":100,"column":29},"end":{"line":100,"column":null}},"67":{"start":{"line":101,"column":12},"end":{"line":101,"column":null}},"68":{"start":{"line":101,"column":25},"end":{"line":101,"column":53}},"69":{"start":{"line":101,"column":53},"end":{"line":101,"column":79}},"70":{"start":{"line":101,"column":79},"end":{"line":101,"column":108}},"71":{"start":{"line":102,"column":12},"end":{"line":102,"column":null}},"72":{"start":{"line":102,"column":26},"end":{"line":102,"column":41}},"73":{"start":{"line":102,"column":41},"end":{"line":102,"column":68}},"74":{"start":{"line":102,"column":68},"end":{"line":102,"column":89}},"75":{"start":{"line":104,"column":12},"end":{"line":119,"column":null}},"76":{"start":{"line":125,"column":4},"end":{"line":125,"column":null}},"77":{"start":{"line":128,"column":2},"end":{"line":128,"column":null}},"78":{"start":{"line":129,"column":2},"end":{"line":129,"column":null}}},"fnMap":{"0":{"name":"hash","decl":{"start":{"line":10,"column":9},"end":{"line":10,"column":14}},"loc":{"start":{"line":10,"column":35},"end":{"line":12,"column":null}},"line":10},"1":{"name":"analyzeFileForTaint","decl":{"start":{"line":14,"column":16},"end":{"line":14,"column":36}},"loc":{"start":{"line":14,"column":80},"end":{"line":130,"column":null}},"line":14},"2":{"name":"isTaintedExpression","decl":{"start":{"line":23,"column":11},"end":{"line":23,"column":31}},"loc":{"start":{"line":23,"column":61},"end":{"line":42,"column":null}},"line":23},"3":{"name":"(anonymous_3)","decl":{"start":{"line":26,"column":26},"end":{"line":26,"column":31}},"loc":{"start":{"line":26,"column":41},"end":{"line":26,"column":64}},"line":26},"4":{"name":"(anonymous_4)","decl":{"start":{"line":36,"column":32},"end":{"line":36,"column":37}},"loc":{"start":{"line":36,"column":45},"end":{"line":36,"column":81}},"line":36},"5":{"name":"(anonymous_5)","decl":{"start":{"line":39,"column":28},"end":{"line":39,"column":33}},"loc":{"start":{"line":39,"column":40},"end":{"line":39,"column":64}},"line":39},"6":{"name":"visit","decl":{"start":{"line":44,"column":11},"end":{"line":44,"column":17}},"loc":{"start":{"line":44,"column":32},"end":{"line":126,"column":null}},"line":44},"7":{"name":"(anonymous_7)","decl":{"start":{"line":51,"column":29},"end":{"line":51,"column":37}},"loc":{"start":{"line":51,"column":43},"end":{"line":55,"column":11}},"line":51},"8":{"name":"(anonymous_8)","decl":{"start":{"line":88,"column":46},"end":{"line":88,"column":51}},"loc":{"start":{"line":88,"column":58},"end":{"line":88,"column":82}},"line":88}},"branchMap":{"0":{"loc":{"start":{"line":17,"column":2},"end":{"line":17,"column":null}},"type":"if","locations":[{"start":{"line":17,"column":2},"end":{"line":17,"column":null}},{"start":{},"end":{}}],"line":17},"1":{"loc":{"start":{"line":24,"column":4},"end":{"line":28,"column":null}},"type":"if","locations":[{"start":{"line":24,"column":4},"end":{"line":28,"column":null}},{"start":{},"end":{}}],"line":24},"2":{"loc":{"start":{"line":26,"column":6},"end":{"line":26,"column":null}},"type":"if","locations":[{"start":{"line":26,"column":6},"end":{"line":26,"column":null}},{"start":{},"end":{}}],"line":26},"3":{"loc":{"start":{"line":27,"column":6},"end":{"line":27,"column":null}},"type":"if","locations":[{"start":{"line":27,"column":6},"end":{"line":27,"column":null}},{"start":{},"end":{}}],"line":27},"4":{"loc":{"start":{"line":29,"column":4},"end":{"line":31,"column":null}},"type":"if","locations":[{"start":{"line":29,"column":4},"end":{"line":31,"column":null}},{"start":{},"end":{}}],"line":29},"5":{"loc":{"start":{"line":32,"column":4},"end":{"line":34,"column":null}},"type":"if","locations":[{"start":{"line":32,"column":4},"end":{"line":34,"column":null}},{"start":{},"end":{}}],"line":32},"6":{"loc":{"start":{"line":33,"column":13},"end":{"line":33,"column":null}},"type":"binary-expr","locations":[{"start":{"line":33,"column":13},"end":{"line":33,"column":47}},{"start":{"line":33,"column":47},"end":{"line":33,"column":null}}],"line":33},"7":{"loc":{"start":{"line":35,"column":4},"end":{"line":37,"column":null}},"type":"if","locations":[{"start":{"line":35,"column":4},"end":{"line":37,"column":null}},{"start":{},"end":{}}],"line":35},"8":{"loc":{"start":{"line":38,"column":4},"end":{"line":40,"column":null}},"type":"if","locations":[{"start":{"line":38,"column":4},"end":{"line":40,"column":null}},{"start":{},"end":{}}],"line":38},"9":{"loc":{"start":{"line":46,"column":4},"end":{"line":58,"column":null}},"type":"if","locations":[{"start":{"line":46,"column":4},"end":{"line":58,"column":null}},{"start":{},"end":{}}],"line":46},"10":{"loc":{"start":{"line":46,"column":8},"end":{"line":46,"column":73}},"type":"binary-expr","locations":[{"start":{"line":46,"column":8},"end":{"line":46,"column":42}},{"start":{"line":46,"column":42},"end":{"line":46,"column":55}},{"start":{"line":46,"column":55},"end":{"line":46,"column":73}}],"line":46},"11":{"loc":{"start":{"line":47,"column":6},"end":{"line":57,"column":null}},"type":"if","locations":[{"start":{"line":47,"column":6},"end":{"line":57,"column":null}},{"start":{},"end":{}}],"line":47},"12":{"loc":{"start":{"line":48,"column":8},"end":{"line":56,"column":null}},"type":"if","locations":[{"start":{"line":48,"column":8},"end":{"line":56,"column":null}},{"start":{"line":50,"column":15},"end":{"line":56,"column":null}}],"line":48},"13":{"loc":{"start":{"line":50,"column":15},"end":{"line":56,"column":null}},"type":"if","locations":[{"start":{"line":50,"column":15},"end":{"line":56,"column":null}},{"start":{},"end":{}}],"line":50},"14":{"loc":{"start":{"line":52,"column":12},"end":{"line":54,"column":null}},"type":"if","locations":[{"start":{"line":52,"column":12},"end":{"line":54,"column":null}},{"start":{},"end":{}}],"line":52},"15":{"loc":{"start":{"line":61,"column":4},"end":{"line":70,"column":null}},"type":"if","locations":[{"start":{"line":61,"column":4},"end":{"line":70,"column":null}},{"start":{},"end":{}}],"line":61},"16":{"loc":{"start":{"line":61,"column":8},"end":{"line":61,"column":82}},"type":"binary-expr","locations":[{"start":{"line":61,"column":8},"end":{"line":61,"column":42}},{"start":{"line":61,"column":42},"end":{"line":61,"column":82}}],"line":61},"17":{"loc":{"start":{"line":63,"column":6},"end":{"line":69,"column":null}},"type":"if","locations":[{"start":{"line":63,"column":6},"end":{"line":69,"column":null}},{"start":{},"end":{}}],"line":63},"18":{"loc":{"start":{"line":63,"column":10},"end":{"line":63,"column":99}},"type":"binary-expr","locations":[{"start":{"line":63,"column":10},"end":{"line":63,"column":69}},{"start":{"line":63,"column":69},"end":{"line":63,"column":99}}],"line":63},"19":{"loc":{"start":{"line":64,"column":8},"end":{"line":68,"column":null}},"type":"if","locations":[{"start":{"line":64,"column":8},"end":{"line":68,"column":null}},{"start":{"line":66,"column":15},"end":{"line":68,"column":null}}],"line":64},"20":{"loc":{"start":{"line":73,"column":4},"end":{"line":123,"column":null}},"type":"if","locations":[{"start":{"line":73,"column":4},"end":{"line":123,"column":null}},{"start":{},"end":{}}],"line":73},"21":{"loc":{"start":{"line":75,"column":6},"end":{"line":79,"column":null}},"type":"if","locations":[{"start":{"line":75,"column":6},"end":{"line":79,"column":null}},{"start":{"line":77,"column":13},"end":{"line":79,"column":null}}],"line":75},"22":{"loc":{"start":{"line":77,"column":13},"end":{"line":79,"column":null}},"type":"if","locations":[{"start":{"line":77,"column":13},"end":{"line":79,"column":null}},{"start":{},"end":{}}],"line":77},"23":{"loc":{"start":{"line":81,"column":6},"end":{"line":122,"column":null}},"type":"if","locations":[{"start":{"line":81,"column":6},"end":{"line":122,"column":null}},{"start":{},"end":{}}],"line":81},"24":{"loc":{"start":{"line":86,"column":8},"end":{"line":121,"column":null}},"type":"if","locations":[{"start":{"line":86,"column":8},"end":{"line":121,"column":null}},{"start":{},"end":{}}],"line":86},"25":{"loc":{"start":{"line":86,"column":12},"end":{"line":86,"column":38}},"type":"binary-expr","locations":[{"start":{"line":86,"column":12},"end":{"line":86,"column":21}},{"start":{"line":86,"column":21},"end":{"line":86,"column":30}},{"start":{"line":86,"column":30},"end":{"line":86,"column":38}}],"line":86},"26":{"loc":{"start":{"line":89,"column":10},"end":{"line":120,"column":null}},"type":"if","locations":[{"start":{"line":89,"column":10},"end":{"line":120,"column":null}},{"start":{},"end":{}}],"line":89},"27":{"loc":{"start":{"line":95,"column":12},"end":{"line":95,"column":null}},"type":"if","locations":[{"start":{"line":95,"column":12},"end":{"line":95,"column":null}},{"start":{},"end":{}}],"line":95},"28":{"loc":{"start":{"line":101,"column":12},"end":{"line":101,"column":null}},"type":"if","locations":[{"start":{"line":101,"column":12},"end":{"line":101,"column":null}},{"start":{},"end":{}}],"line":101},"29":{"loc":{"start":{"line":102,"column":12},"end":{"line":102,"column":null}},"type":"if","locations":[{"start":{"line":102,"column":12},"end":{"line":102,"column":null}},{"start":{},"end":{}}],"line":102},"30":{"loc":{"start":{"line":118,"column":19},"end":{"line":118,"column":null}},"type":"cond-expr","locations":[{"start":{"line":118,"column":27},"end":{"line":118,"column":39}},{"start":{"line":118,"column":39},"end":{"line":118,"column":null}}],"line":118},"31":{"loc":{"start":{"line":118,"column":39},"end":{"line":118,"column":null}},"type":"cond-expr","locations":[{"start":{"line":118,"column":47},"end":{"line":118,"column":58}},{"start":{"line":118,"column":58},"end":{"line":118,"column":null}}],"line":118}},"s":{"0":4,"1":4,"2":4,"3":4,"4":4,"5":13,"6":13,"7":5,"8":8,"9":8,"10":8,"11":28,"12":7,"13":7,"14":15,"15":6,"16":1,"17":1,"18":21,"19":8,"20":13,"21":4,"22":9,"23":0,"24":0,"25":9,"26":1,"27":1,"28":8,"29":192,"30":10,"31":6,"32":5,"33":1,"34":1,"35":1,"36":1,"37":192,"38":2,"39":2,"40":2,"41":1,"42":1,"43":192,"44":8,"45":8,"46":4,"47":4,"48":4,"49":8,"50":8,"51":8,"52":8,"53":8,"54":7,"55":7,"56":7,"57":4,"58":4,"59":4,"60":4,"61":4,"62":0,"63":4,"64":4,"65":4,"66":4,"67":4,"68":1,"69":1,"70":1,"71":4,"72":2,"73":2,"74":2,"75":4,"76":192,"77":8,"78":8},"f":{"0":4,"1":13,"2":28,"3":15,"4":0,"5":1,"6":192,"7":1,"8":7},"b":{"0":[5,8],"1":[7,21],"2":[6,1],"3":[1,0],"4":[8,13],"5":[4,9],"6":[4,3],"7":[0,9],"8":[1,8],"9":[10,182],"10":[192,10,10],"11":[6,4],"12":[5,1],"13":[1,0],"14":[1,0],"15":[2,190],"16":[192,9],"17":[2,0],"18":[2,2],"19":[1,1],"20":[8,184],"21":[4,4],"22":[4,0],"23":[8,0],"24":[7,1],"25":[8,5,4],"26":[4,3],"27":[0,4],"28":[1,3],"29":[2,2],"30":[1,3],"31":[1,2]},"meta":{"lastBranch":32,"lastFunction":9,"lastStatement":79,"seen":{"s:5:24:5:Infinity":0,"s:6:18:6:Infinity":1,"s:7:18:7:Infinity":2,"s:8:19:8:Infinity":3,"f:10:9:10:14":0,"s:11:2:11:Infinity":4,"f:14:16:14:36":1,"s:16:24:16:Infinity":5,"b:17:2:17:Infinity:undefined:undefined:undefined:undefined":0,"s:17:2:17:Infinity":6,"s:17:36:17:Infinity":7,"s:19:21:19:Infinity":8,"s:20:27:20:Infinity":9,"s:21:26:21:Infinity":10,"f:23:11:23:31":2,"b:24:4:28:Infinity:undefined:undefined:undefined:undefined":1,"s:24:4:28:Infinity":11,"s:25:19:25:Infinity":12,"b:26:6:26:Infinity:undefined:undefined:undefined:undefined":2,"s:26:6:26:Infinity":13,"f:26:26:26:31":3,"s:26:41:26:64":14,"s:26:67:26:Infinity":15,"b:27:6:27:Infinity:undefined:undefined:undefined:undefined":3,"s:27:6:27:Infinity":16,"s:27:48:27:Infinity":17,"b:29:4:31:Infinity:undefined:undefined:undefined:undefined":4,"s:29:4:31:Infinity":18,"s:30:6:30:Infinity":19,"b:32:4:34:Infinity:undefined:undefined:undefined:undefined":5,"s:32:4:34:Infinity":20,"s:33:6:33:Infinity":21,"b:33:13:33:47:33:47:33:Infinity":6,"b:35:4:37:Infinity:undefined:undefined:undefined:undefined":7,"s:35:4:37:Infinity":22,"s:36:6:36:Infinity":23,"f:36:32:36:37":4,"s:36:45:36:81":24,"b:38:4:40:Infinity:undefined:undefined:undefined:undefined":8,"s:38:4:40:Infinity":25,"s:39:6:39:Infinity":26,"f:39:28:39:33":5,"s:39:40:39:64":27,"s:41:4:41:Infinity":28,"f:44:11:44:17":6,"b:46:4:58:Infinity:undefined:undefined:undefined:undefined":9,"s:46:4:58:Infinity":29,"b:46:8:46:42:46:42:46:55:46:55:46:73":10,"b:47:6:57:Infinity:undefined:undefined:undefined:undefined":11,"s:47:6:57:Infinity":30,"b:48:8:56:Infinity:50:15:56:Infinity":12,"s:48:8:56:Infinity":31,"s:49:10:49:Infinity":32,"b:50:15:56:Infinity:undefined:undefined:undefined:undefined":13,"s:50:15:56:Infinity":33,"s:51:10:55:Infinity":34,"f:51:29:51:37":7,"b:52:12:54:Infinity:undefined:undefined:undefined:undefined":14,"s:52:12:54:Infinity":35,"s:53:14:53:Infinity":36,"b:61:4:70:Infinity:undefined:undefined:undefined:undefined":15,"s:61:4:70:Infinity":37,"b:61:8:61:42:61:42:61:82":16,"s:62:21:62:Infinity":38,"b:63:6:69:Infinity:undefined:undefined:undefined:undefined":17,"s:63:6:69:Infinity":39,"b:63:10:63:69:63:69:63:99":18,"b:64:8:68:Infinity:66:15:68:Infinity":19,"s:64:8:68:Infinity":40,"s:65:10:65:Infinity":41,"s:67:10:67:Infinity":42,"b:73:4:123:Infinity:undefined:undefined:undefined:undefined":20,"s:73:4:123:Infinity":43,"s:74:25:74:Infinity":44,"b:75:6:79:Infinity:77:13:79:Infinity":21,"s:75:6:79:Infinity":45,"s:76:8:76:Infinity":46,"b:77:13:79:Infinity:undefined:undefined:undefined:undefined":22,"s:77:13:79:Infinity":47,"s:78:8:78:Infinity":48,"b:81:6:122:Infinity:undefined:undefined:undefined:undefined":23,"s:81:6:122:Infinity":49,"s:82:20:82:Infinity":50,"s:83:20:83:Infinity":51,"s:84:21:84:Infinity":52,"b:86:8:121:Infinity:undefined:undefined:undefined:undefined":24,"s:86:8:121:Infinity":53,"b:86:12:86:21:86:21:86:30:86:30:86:38":25,"s:88:31:88:Infinity":54,"f:88:46:88:51":8,"s:88:58:88:82":55,"b:89:10:120:Infinity:undefined:undefined:undefined:undefined":26,"s:89:10:120:Infinity":56,"s:90:24:90:Infinity":57,"s:91:31:91:Infinity":58,"s:93:30:93:Infinity":59,"s:94:26:94:Infinity":60,"b:95:12:95:Infinity:undefined:undefined:undefined:undefined":27,"s:95:12:95:Infinity":61,"s:95:32:95:Infinity":62,"s:96:32:96:Infinity":63,"s:98:23:98:Infinity":64,"s:99:25:99:Infinity":65,"s:100:29:100:Infinity":66,"b:101:12:101:Infinity:undefined:undefined:undefined:undefined":28,"s:101:12:101:Infinity":67,"s:101:25:101:53":68,"s:101:53:101:79":69,"s:101:79:101:108":70,"b:102:12:102:Infinity:undefined:undefined:undefined:undefined":29,"s:102:12:102:Infinity":71,"s:102:26:102:41":72,"s:102:41:102:68":73,"s:102:68:102:89":74,"s:104:12:119:Infinity":75,"b:118:27:118:39:118:39:118:Infinity":30,"b:118:47:118:58:118:58:118:Infinity":31,"s:125:4:125:Infinity":76,"s:128:2:128:Infinity":77,"s:129:2:129:Infinity":78},"fnNames":{}}}
,"/Users/mohitbaghel/Desktop/VibeGuard/vibeguard-cli/src/core/detectors/astTaint.ts": {"path":"/Users/mohitbaghel/Desktop/VibeGuard/vibeguard-cli/src/core/detectors/astTaint.ts","statementMap":{"0":{"start":{"line":6,"column":16},"end":{"line":6,"column":null}},"1":{"start":{"line":7,"column":18},"end":{"line":7,"column":null}},"2":{"start":{"line":8,"column":33},"end":{"line":8,"column":null}},"3":{"start":{"line":11,"column":4},"end":{"line":16,"column":null}},"4":{"start":{"line":12,"column":6},"end":{"line":12,"column":null}},"5":{"start":{"line":15,"column":6},"end":{"line":15,"column":null}}},"fnMap":{"0":{"name":"detect","decl":{"start":{"line":10,"column":2},"end":{"line":10,"column":9}},"loc":{"start":{"line":10,"column":53},"end":{"line":17,"column":null}},"line":10}},"branchMap":{},"s":{"0":3,"1":3,"2":3,"3":7,"4":7,"5":0},"f":{"0":7},"b":{},"meta":{"lastBranch":0,"lastFunction":1,"lastStatement":6,"seen":{"s:6:16:6:Infinity":0,"s:7:18:7:Infinity":1,"s:8:33:8:Infinity":2,"f:10:2:10:9":0,"s:11:4:16:Infinity":3,"s:12:6:12:Infinity":4,"s:15:6:15:Infinity":5},"fnNames":{}}}
,"/Users/mohitbaghel/Desktop/VibeGuard/vibeguard-cli/src/core/detectors/auth.ts": {"path":"/Users/mohitbaghel/Desktop/VibeGuard/vibeguard-cli/src/core/detectors/auth.ts","statementMap":{"0":{"start":{"line":6,"column":2},"end":{"line":6,"column":null}},"1":{"start":{"line":10,"column":16},"end":{"line":10,"column":null}},"2":{"start":{"line":11,"column":18},"end":{"line":11,"column":null}},"3":{"start":{"line":12,"column":33},"end":{"line":12,"column":null}},"4":{"start":{"line":15,"column":28},"end":{"line":15,"column":null}},"5":{"start":{"line":16,"column":18},"end":{"line":16,"column":null}},"6":{"start":{"line":18,"column":28},"end":{"line":18,"column":null}},"7":{"start":{"line":19,"column":25},"end":{"line":19,"column":null}},"8":{"start":{"line":21,"column":10},"end":{"line":21,"column":null}},"9":{"start":{"line":21,"column":45},"end":{"line":21,"column":null}},"10":{"start":{"line":21,"column":75},"end":{"line":21,"column":98}},"11":{"start":{"line":22,"column":10},"end":{"line":22,"column":null}},"12":{"start":{"line":22,"column":41},"end":{"line":22,"column":null}},"13":{"start":{"line":22,"column":65},"end":{"line":22,"column":113}},"14":{"start":{"line":24,"column":25},"end":{"line":24,"column":null}},"15":{"start":{"line":25,"column":20},"end":{"line":25,"column":null}},"16":{"start":{"line":27,"column":4},"end":{"line":100,"column":null}},"17":{"start":{"line":27,"column":23},"end":{"line":27,"column":26}},"18":{"start":{"line":28,"column":19},"end":{"line":28,"column":null}},"19":{"start":{"line":29,"column":25},"end":{"line":29,"column":null}},"20":{"start":{"line":31,"column":6},"end":{"line":64,"column":null}},"21":{"start":{"line":33,"column":8},"end":{"line":33,"column":null}},"22":{"start":{"line":34,"column":8},"end":{"line":63,"column":null}},"23":{"start":{"line":35,"column":28},"end":{"line":35,"column":null}},"24":{"start":{"line":36,"column":10},"end":{"line":62,"column":null}},"25":{"start":{"line":37,"column":28},"end":{"line":37,"column":null}},"26":{"start":{"line":38,"column":12},"end":{"line":43,"column":null}},"27":{"start":{"line":38,"column":25},"end":{"line":38,"column":51}},"28":{"start":{"line":39,"column":14},"end":{"line":42,"column":null}},"29":{"start":{"line":40,"column":16},"end":{"line":40,"column":null}},"30":{"start":{"line":41,"column":16},"end":{"line":41,"column":null}},"31":{"start":{"line":45,"column":12},"end":{"line":61,"column":null}},"32":{"start":{"line":46,"column":15},"end":{"line":60,"column":null}},"33":{"start":{"line":66,"column":6},"end":{"line":99,"column":null}},"34":{"start":{"line":68,"column":8},"end":{"line":68,"column":null}},"35":{"start":{"line":69,"column":8},"end":{"line":98,"column":null}},"36":{"start":{"line":70,"column":28},"end":{"line":70,"column":null}},"37":{"start":{"line":71,"column":10},"end":{"line":97,"column":null}},"38":{"start":{"line":72,"column":29},"end":{"line":72,"column":null}},"39":{"start":{"line":73,"column":13},"end":{"line":78,"column":null}},"40":{"start":{"line":73,"column":26},"end":{"line":73,"column":52}},"41":{"start":{"line":74,"column":15},"end":{"line":77,"column":null}},"42":{"start":{"line":75,"column":17},"end":{"line":75,"column":null}},"43":{"start":{"line":76,"column":17},"end":{"line":76,"column":null}},"44":{"start":{"line":80,"column":13},"end":{"line":96,"column":null}},"45":{"start":{"line":81,"column":15},"end":{"line":95,"column":null}},"46":{"start":{"line":101,"column":4},"end":{"line":101,"column":null}}},"fnMap":{"0":{"name":"hash","decl":{"start":{"line":5,"column":9},"end":{"line":5,"column":14}},"loc":{"start":{"line":5,"column":35},"end":{"line":7,"column":null}},"line":5},"1":{"name":"detect","decl":{"start":{"line":14,"column":2},"end":{"line":14,"column":9}},"loc":{"start":{"line":14,"column":53},"end":{"line":102,"column":null}},"line":14},"2":{"name":"(anonymous_2)","decl":{"start":{"line":21,"column":10},"end":{"line":21,"column":25}},"loc":{"start":{"line":21,"column":45},"end":{"line":21,"column":null}},"line":21},"3":{"name":"(anonymous_3)","decl":{"start":{"line":21,"column":61},"end":{"line":21,"column":66}},"loc":{"start":{"line":21,"column":75},"end":{"line":21,"column":98}},"line":21},"4":{"name":"(anonymous_4)","decl":{"start":{"line":22,"column":10},"end":{"line":22,"column":21}},"loc":{"start":{"line":22,"column":41},"end":{"line":22,"column":null}},"line":22},"5":{"name":"(anonymous_5)","decl":{"start":{"line":22,"column":54},"end":{"line":22,"column":59}},"loc":{"start":{"line":22,"column":65},"end":{"line":22,"column":113}},"line":22}},"branchMap":{"0":{"loc":{"start":{"line":31,"column":6},"end":{"line":64,"column":null}},"type":"if","locations":[{"start":{"line":31,"column":6},"end":{"line":64,"column":null}},{"start":{},"end":{}}],"line":31},"1":{"loc":{"start":{"line":31,"column":10},"end":{"line":31,"column":64}},"type":"binary-expr","locations":[{"start":{"line":31,"column":10},"end":{"line":31,"column":38}},{"start":{"line":31,"column":38},"end":{"line":31,"column":64}}],"line":31},"2":{"loc":{"start":{"line":36,"column":10},"end":{"line":62,"column":null}},"type":"if","locations":[{"start":{"line":36,"column":10},"end":{"line":62,"column":null}},{"start":{},"end":{}}],"line":36},"3":{"loc":{"start":{"line":39,"column":14},"end":{"line":42,"column":null}},"type":"if","locations":[{"start":{"line":39,"column":14},"end":{"line":42,"column":null}},{"start":{},"end":{}}],"line":39},"4":{"loc":{"start":{"line":45,"column":12},"end":{"line":61,"column":null}},"type":"if","locations":[{"start":{"line":45,"column":12},"end":{"line":61,"column":null}},{"start":{},"end":{}}],"line":45},"5":{"loc":{"start":{"line":51,"column":26},"end":{"line":51,"column":null}},"type":"cond-expr","locations":[{"start":{"line":51,"column":57},"end":{"line":51,"column":77}},{"start":{"line":51,"column":77},"end":{"line":51,"column":null}}],"line":51},"6":{"loc":{"start":{"line":66,"column":6},"end":{"line":99,"column":null}},"type":"if","locations":[{"start":{"line":66,"column":6},"end":{"line":99,"column":null}},{"start":{},"end":{}}],"line":66},"7":{"loc":{"start":{"line":71,"column":10},"end":{"line":97,"column":null}},"type":"if","locations":[{"start":{"line":71,"column":10},"end":{"line":97,"column":null}},{"start":{},"end":{}}],"line":71},"8":{"loc":{"start":{"line":74,"column":15},"end":{"line":77,"column":null}},"type":"if","locations":[{"start":{"line":74,"column":15},"end":{"line":77,"column":null}},{"start":{},"end":{}}],"line":74},"9":{"loc":{"start":{"line":80,"column":13},"end":{"line":96,"column":null}},"type":"if","locations":[{"start":{"line":80,"column":13},"end":{"line":96,"column":null}},{"start":{},"end":{}}],"line":80},"10":{"loc":{"start":{"line":86,"column":26},"end":{"line":86,"column":null}},"type":"cond-expr","locations":[{"start":{"line":86,"column":57},"end":{"line":86,"column":77}},{"start":{"line":86,"column":77},"end":{"line":86,"column":null}}],"line":86}},"s":{"0":3,"1":6,"2":6,"3":6,"4":10,"5":10,"6":10,"7":10,"8":10,"9":4,"10":4,"11":10,"12":13,"13":98,"14":10,"15":10,"16":10,"17":10,"18":33,"19":33,"20":33,"21":29,"22":29,"23":3,"24":3,"25":3,"26":3,"27":3,"28":9,"29":1,"30":1,"31":3,"32":2,"33":33,"34":4,"35":4,"36":1,"37":1,"38":1,"39":1,"40":1,"41":4,"42":0,"43":0,"44":1,"45":1,"46":10},"f":{"0":3,"1":10,"2":4,"3":4,"4":13,"5":98},"b":{"0":[29,4],"1":[33,4],"2":[3,0],"3":[1,8],"4":[2,1],"5":[2,0],"6":[4,29],"7":[1,0],"8":[0,4],"9":[1,0],"10":[1,0]},"meta":{"lastBranch":11,"lastFunction":6,"lastStatement":47,"seen":{"f:5:9:5:14":0,"s:6:2:6:Infinity":0,"s:10:16:10:Infinity":1,"s:11:18:11:Infinity":2,"s:12:33:12:Infinity":3,"f:14:2:14:9":1,"s:15:28:15:Infinity":4,"s:16:18:16:Infinity":5,"s:18:28:18:Infinity":6,"s:19:25:19:Infinity":7,"s:21:10:21:Infinity":8,"f:21:10:21:25":2,"s:21:45:21:Infinity":9,"f:21:61:21:66":3,"s:21:75:21:98":10,"s:22:10:22:Infinity":11,"f:22:10:22:21":4,"s:22:41:22:Infinity":12,"f:22:54:22:59":5,"s:22:65:22:113":13,"s:24:25:24:Infinity":14,"s:25:20:25:Infinity":15,"s:27:4:100:Infinity":16,"s:27:23:27:26":17,"s:28:19:28:Infinity":18,"s:29:25:29:Infinity":19,"b:31:6:64:Infinity:undefined:undefined:undefined:undefined":0,"s:31:6:64:Infinity":20,"b:31:10:31:38:31:38:31:64":1,"s:33:8:33:Infinity":21,"s:34:8:63:Infinity":22,"s:35:28:35:Infinity":23,"b:36:10:62:Infinity:undefined:undefined:undefined:undefined":2,"s:36:10:62:Infinity":24,"s:37:28:37:Infinity":25,"s:38:12:43:Infinity":26,"s:38:25:38:51":27,"b:39:14:42:Infinity:undefined:undefined:undefined:undefined":3,"s:39:14:42:Infinity":28,"s:40:16:40:Infinity":29,"s:41:16:41:Infinity":30,"b:45:12:61:Infinity:undefined:undefined:undefined:undefined":4,"s:45:12:61:Infinity":31,"s:46:15:60:Infinity":32,"b:51:57:51:77:51:77:51:Infinity":5,"b:66:6:99:Infinity:undefined:undefined:undefined:undefined":6,"s:66:6:99:Infinity":33,"s:68:8:68:Infinity":34,"s:69:8:98:Infinity":35,"s:70:28:70:Infinity":36,"b:71:10:97:Infinity:undefined:undefined:undefined:undefined":7,"s:71:10:97:Infinity":37,"s:72:29:72:Infinity":38,"s:73:13:78:Infinity":39,"s:73:26:73:52":40,"b:74:15:77:Infinity:undefined:undefined:undefined:undefined":8,"s:74:15:77:Infinity":41,"s:75:17:75:Infinity":42,"s:76:17:76:Infinity":43,"b:80:13:96:Infinity:undefined:undefined:undefined:undefined":9,"s:80:13:96:Infinity":44,"s:81:15:95:Infinity":45,"b:86:57:86:77:86:77:86:Infinity":10,"s:101:4:101:Infinity":46},"fnNames":{}}}
,"/Users/mohitbaghel/Desktop/VibeGuard/vibeguard-cli/src/core/detectors/cmdInjection.ts": {"path":"/Users/mohitbaghel/Desktop/VibeGuard/vibeguard-cli/src/core/detectors/cmdInjection.ts","statementMap":{"0":{"start":{"line":6,"column":2},"end":{"line":6,"column":null}},"1":{"start":{"line":10,"column":16},"end":{"line":10,"column":null}},"2":{"start":{"line":11,"column":18},"end":{"line":11,"column":null}},"3":{"start":{"line":12,"column":33},"end":{"line":12,"column":null}},"4":{"start":{"line":15,"column":28},"end":{"line":15,"column":null}},"5":{"start":{"line":17,"column":21},"end":{"line":42,"column":null}},"6":{"start":{"line":44,"column":10},"end":{"line":50,"column":null}},"7":{"start":{"line":45,"column":18},"end":{"line":45,"column":null}},"8":{"start":{"line":46,"column":6},"end":{"line":48,"column":null}},"9":{"start":{"line":46,"column":19},"end":{"line":46,"column":22}},"10":{"start":{"line":47,"column":8},"end":{"line":47,"column":null}},"11":{"start":{"line":47,"column":33},"end":{"line":47,"column":null}},"12":{"start":{"line":49,"column":6},"end":{"line":49,"column":null}},"13":{"start":{"line":52,"column":4},"end":{"line":82,"column":null}},"14":{"start":{"line":53,"column":6},"end":{"line":53,"column":null}},"15":{"start":{"line":56,"column":6},"end":{"line":81,"column":null}},"16":{"start":{"line":57,"column":26},"end":{"line":57,"column":null}},"17":{"start":{"line":58,"column":27},"end":{"line":58,"column":null}},"18":{"start":{"line":60,"column":26},"end":{"line":60,"column":null}},"19":{"start":{"line":61,"column":22},"end":{"line":61,"column":null}},"20":{"start":{"line":62,"column":8},"end":{"line":62,"column":null}},"21":{"start":{"line":62,"column":28},"end":{"line":62,"column":null}},"22":{"start":{"line":63,"column":28},"end":{"line":63,"column":null}},"23":{"start":{"line":65,"column":8},"end":{"line":80,"column":null}},"24":{"start":{"line":83,"column":4},"end":{"line":83,"column":null}}},"fnMap":{"0":{"name":"hash","decl":{"start":{"line":5,"column":9},"end":{"line":5,"column":14}},"loc":{"start":{"line":5,"column":35},"end":{"line":7,"column":null}},"line":5},"1":{"name":"detect","decl":{"start":{"line":14,"column":2},"end":{"line":14,"column":9}},"loc":{"start":{"line":14,"column":53},"end":{"line":84,"column":null}},"line":14},"2":{"name":"(anonymous_2)","decl":{"start":{"line":44,"column":10},"end":{"line":44,"column":27}},"loc":{"start":{"line":44,"column":45},"end":{"line":50,"column":null}},"line":44}},"branchMap":{"0":{"loc":{"start":{"line":47,"column":8},"end":{"line":47,"column":null}},"type":"if","locations":[{"start":{"line":47,"column":8},"end":{"line":47,"column":null}},{"start":{},"end":{}}],"line":47},"1":{"loc":{"start":{"line":62,"column":8},"end":{"line":62,"column":null}},"type":"if","locations":[{"start":{"line":62,"column":8},"end":{"line":62,"column":null}},{"start":{},"end":{}}],"line":62}},"s":{"0":4,"1":4,"2":4,"3":4,"4":12,"5":12,"6":12,"7":4,"8":4,"9":4,"10":117,"11":7,"12":4,"13":12,"14":48,"15":48,"16":4,"17":4,"18":4,"19":4,"20":4,"21":0,"22":4,"23":4,"24":12},"f":{"0":4,"1":12,"2":4},"b":{"0":[7,110],"1":[0,4]},"meta":{"lastBranch":2,"lastFunction":3,"lastStatement":25,"seen":{"f:5:9:5:14":0,"s:6:2:6:Infinity":0,"s:10:16:10:Infinity":1,"s:11:18:11:Infinity":2,"s:12:33:12:Infinity":3,"f:14:2:14:9":1,"s:15:28:15:Infinity":4,"s:17:21:42:Infinity":5,"s:44:10:50:Infinity":6,"f:44:10:44:27":2,"s:45:18:45:Infinity":7,"s:46:6:48:Infinity":8,"s:46:19:46:22":9,"b:47:8:47:Infinity:undefined:undefined:undefined:undefined":0,"s:47:8:47:Infinity":10,"s:47:33:47:Infinity":11,"s:49:6:49:Infinity":12,"s:52:4:82:Infinity":13,"s:53:6:53:Infinity":14,"s:56:6:81:Infinity":15,"s:57:26:57:Infinity":16,"s:58:27:58:Infinity":17,"s:60:26:60:Infinity":18,"s:61:22:61:Infinity":19,"b:62:8:62:Infinity:undefined:undefined:undefined:undefined":1,"s:62:8:62:Infinity":20,"s:62:28:62:Infinity":21,"s:63:28:63:Infinity":22,"s:65:8:80:Infinity":23,"s:83:4:83:Infinity":24},"fnNames":{}}}
,"/Users/mohitbaghel/Desktop/VibeGuard/vibeguard-cli/src/core/detectors/hallucinations.ts": {"path":"/Users/mohitbaghel/Desktop/VibeGuard/vibeguard-cli/src/core/detectors/hallucinations.ts","statementMap":{"0":{"start":{"line":9,"column":2},"end":{"line":9,"column":null}},"1":{"start":{"line":13,"column":40},"end":{"line":13,"column":null}},"2":{"start":{"line":16,"column":2},"end":{"line":16,"column":null}},"3":{"start":{"line":16,"column":21},"end":{"line":16,"column":null}},"4":{"start":{"line":18,"column":15},"end":{"line":18,"column":null}},"5":{"start":{"line":20,"column":2},"end":{"line":22,"column":null}},"6":{"start":{"line":21,"column":4},"end":{"line":21,"column":null}},"7":{"start":{"line":24,"column":2},"end":{"line":34,"column":null}},"8":{"start":{"line":25,"column":20},"end":{"line":25,"column":null}},"9":{"start":{"line":26,"column":20},"end":{"line":26,"column":null}},"10":{"start":{"line":27,"column":20},"end":{"line":27,"column":null}},"11":{"start":{"line":29,"column":4},"end":{"line":29,"column":null}},"12":{"start":{"line":29,"column":30},"end":{"line":29,"column":null}},"13":{"start":{"line":29,"column":77},"end":{"line":29,"column":88}},"14":{"start":{"line":30,"column":4},"end":{"line":30,"column":null}},"15":{"start":{"line":30,"column":33},"end":{"line":30,"column":null}},"16":{"start":{"line":30,"column":83},"end":{"line":30,"column":94}},"17":{"start":{"line":31,"column":4},"end":{"line":31,"column":null}},"18":{"start":{"line":31,"column":34},"end":{"line":31,"column":null}},"19":{"start":{"line":31,"column":85},"end":{"line":31,"column":96}},"20":{"start":{"line":36,"column":2},"end":{"line":36,"column":null}},"21":{"start":{"line":37,"column":2},"end":{"line":37,"column":null}},"22":{"start":{"line":41,"column":16},"end":{"line":41,"column":null}},"23":{"start":{"line":42,"column":18},"end":{"line":42,"column":null}},"24":{"start":{"line":43,"column":33},"end":{"line":43,"column":null}},"25":{"start":{"line":46,"column":4},"end":{"line":46,"column":null}},"26":{"start":{"line":50,"column":28},"end":{"line":50,"column":null}},"27":{"start":{"line":51,"column":4},"end":{"line":51,"column":null}},"28":{"start":{"line":51,"column":24},"end":{"line":51,"column":null}},"29":{"start":{"line":55,"column":24},"end":{"line":55,"column":null}},"30":{"start":{"line":57,"column":10},"end":{"line":63,"column":null}},"31":{"start":{"line":58,"column":18},"end":{"line":58,"column":null}},"32":{"start":{"line":59,"column":6},"end":{"line":61,"column":null}},"33":{"start":{"line":59,"column":19},"end":{"line":59,"column":22}},"34":{"start":{"line":60,"column":8},"end":{"line":60,"column":null}},"35":{"start":{"line":60,"column":33},"end":{"line":60,"column":null}},"36":{"start":{"line":62,"column":6},"end":{"line":62,"column":null}},"37":{"start":{"line":66,"column":4},
[...]
,"/Users/mohitbaghel/Desktop/VibeGuard/vibeguard-cli/src/utils/output.ts": {"path":"/Users/mohitbaghel/Desktop/VibeGuard/vibeguard-cli/src/utils/output.ts","statementMap":{"0":{"start":{"line":5,"column":2},"end":{"line":11,"column":null}},"1":{"start":{"line":6,"column":22},"end":{"line":6,"column":null}},"2":{"start":{"line":7,"column":17},"end":{"line":7,"column":null}},"3":{"start":{"line":8,"column":23},"end":{"line":8,"column":null}},"4":{"start":{"line":9,"column":17},"end":{"line":9,"column":null}},"5":{"start":{"line":10,"column":21},"end":{"line":10,"column":null}},"6":{"start":{"line":15,"column":2},"end":{"line":21,"column":null}},"7":{"start":{"line":16,"column":22},"end":{"line":16,"column":null}},"8":{"start":{"line":17,"column":17},"end":{"line":17,"column":null}},"9":{"start":{"line":18,"column":23},"end":{"line":18,"column":null}},"10":{"start":{"line":19,"column":17},"end":{"line":19,"column":null}},"11":{"start":{"line":20,"column":21},"end":{"line":20,"column":null}},"12":{"start":{"line":25,"column":152},"end":{"line":25,"column":null}},"13":{"start":{"line":27,"column":16},"end":{"line":27,"column":null}},"14":{"start":{"line":28,"column":22},"end":{"line":28,"column":null}},"15":{"start":{"line":30,"column":23},"end":{"line":30,"column":null}},"16":{"start":{"line":31,"column":24},"end":{"line":31,"column":null}},"17":{"start":{"line":33,"column":19},"end":{"line":33,"column":null}},"18":{"start":{"line":34,"column":20},"end":{"line":34,"column":null}},"19":{"start":{"line":36,"column":20},"end":{"line":36,"column":null}},"20":{"start":{"line":37,"column":21},"end":{"line":37,"column":null}},"21":{"start":{"line":39,"column":24},"end":{"line":39,"column":null}},"22":{"start":{"line":40,"column":20},"end":{"line":40,"column":null}},"23":{"start":{"line":41,"column":22},"end":{"line":41,"column":null}},"24":{"start":{"line":42,"column":19},"end":{"line":42,"column":null}},"25":{"start":{"line":44,"column":15},"end":{"line":64,"column":null}},"26":{"start":{"line":67,"column":2},"end":{"line":92,"column":null}},"27":{"start":{"line":68,"column":4},"end":{"line":68,"column":null}},"28":{"start":{"line":70,"column":25},"end":{"line":73,"column":null}},"29":{"start":{"line":71,"column":21},"end":{"line":71,"column":null}},"30":{"start":{"line":72,"column":6},"end":{"line":72,"column":null}},"31":{"start":{"line":75,"column":4},"end":{"line":87,"column":null}},"32":{"start":{"line":76,"column":17},"end":{"line":76,"column":null}},"33":{"start":{"line":77,"column":21},"end":{"line":77,"column":null}},"34":{"start":{"line":78,"column":18},"end":{"line":78,"column":null}},"35":{"start":{"line":80,"column":6},"end":{"line":82,"column":null}},"36":{"start":{"line":80,"column":50},"end":{"line":80,"column":63}},"37":{"start":{"line":80,"column":63},"end":{"line":80,"column":88}},"38":{"start":{"line":80,"column":88},"end":{"line":80,"column":112}},"39":{"start":{"line":81,"column":11},"end":{"line":82,"column":null}},"40":{"start":{"line":81,"column":51},"end":{"line":81,"column":64}},"41":{"start":{"line":81,"column":64},"end":{"line":81,"column":85}},"42":{"start":{"line":81,"column":85},"end":{"line":81,"column":104}},"43":{"start":{"line":82,"column":11},"end":{"line":82,"column":null}},"44":{"start":{"line":82,"column":53},"end":{"line":82,"column":66}},"45":{"start":{"line":82,"column":66},"end":{"line":82,"column":89}},"46":{"start":{"line":82,"column":89},"end":{"line":82,"column":119}},"47":{"start":{"line":84,"column":6},"end":{"line":84,"column":null}},"48":{"start":{"line":85,"column":6},"end":{"line":85,"column":null}},"49":{"start":{"line":86,"column":6},"end":{"line":86,"column":null}},"50":{"start":{"line":89,"column":4},"end":{"line":91,"column":null}},"51":{"start":{"line":90,"column":6},"end":{"line":90,"column":null}},"52":{"start":{"line":94,"column":20},"end":{"line":94,"column":null}},"53":{"start":{"line":95,"column":2},"end":{"line":95,"column":null}},"54":{"start":{"line":97,"column":2},"end":{"line":97,"column":null}},"55":{"start":{"line":101,"column":2},"end":{"line":101,"column":null}},"56":{"start":{"line":105,"column":14},"end":{"line":105,"column":null}},"57":{"start":{"line":106,"column":2},"end":{"line":109,"column":null}},"58":{"start":{"line":106,"column":30},"end":{"line":106,"column":null}},"59":{"start":{"line":107,"column":7},"end":{"line":109,"column":null}},"60":{"start":{"line":107,"column":30},"end":{"line":107,"column":null}},"61":{"start":{"line":108,"column":7},"end":{"line":109,"column":null}},"62":{"start":{"line":108,"column":36},"end":{"line":108,"column":null}},"63":{"start":{"line":109,"column":7},"end":{"line":109,"column":null}},"64":{"start":{"line":109,"column":30},"end":{"line":109,"column":null}},"65":{"start":{"line":111,"column":2},"end":{"line":111,"column":null}},"66":{"start":{"line":115,"column":18},"end":{"line":115,"column":null}},"67":{"start":{"line":116,"column":17},"end":{"line":116,"column":null}},"68":{"start":{"line":117,"column":17},"end":{"line":117,"column":null}},"69":{"start":{"line":118,"column":14},"end":{"line":118,"column":null}},"70":{"start":{"line":120,"column":20},"end":{"line":120,"column":null}},"71":{"start":{"line":122,"column":2},"end":{"line":122,"column":null}}},"fnMap":{"0":{"name":"getRatingEmoji","decl":{"start":{"line":4,"column":9},"end":{"line":4,"column":24}},"loc":{"start":{"line":4,"column":53},"end":{"line":12,"column":null}},"line":4},"1":{"name":"getRatingLabel","decl":{"start":{"line":14,"column":9},"end":{"line":14,"column":24}},"loc":{"start":{"line":14,"column":53},"end":{"line":22,"column":null}},"line":14},"2":{"name":"formatTextReport","decl":{"start":{"line":24,"column":16},"end":{"line":24,"column":33}},"loc":{"start":{"line":24,"column":61},"end":{"line":98,"column":null}},"line":24},"3":{"name":"(anonymous_3)","decl":{"start":{"line":70,"column":37},"end":{"line":70,"column":43}},"loc":{"start":{"line":70,"column":52},"end":{"line":73,"column":5}},"line":70},"4":{"name":"formatJSONReport","decl":{"start":{"line":100,"column":16},"end":{"line":100,"column":33}},"loc":{"start":{"line":100,"column":61},"end":{"line":102,"column":null}},"line":100},"5":{"name":"formatBadge","decl":{"start":{"line":104,"column":16},"end":{"line":104,"column":28}},"loc":{"start":{"line":104,"column":72},"end":{"line":112,"column":null}},"line":104},"6":{"name":"printProgress","decl":{"start":{"line":114,"column":16},"end":{"line":114,"column":30}},"loc":{"start":{"line":114,"column":86},"end":{"line":123,"column":null}},"line":114}},"branchMap":{"0":{"loc":{"start":{"line":5,"column":2},"end":{"line":11,"column":null}},"type":"switch","locations":[{"start":{"line":6,"column":4},"end":{"line":6,"column":null}},{"start":{"line":7,"column":4},"end":{"line":7,"column":null}},{"start":{"line":8,"column":4},"end":{"line":8,"column":null}},{"start":{"line":9,"column":4},"end":{"line":9,"column":null}},{"start":{"line":10,"column":4},"end":{"line":10,"column":null}}],"line":5},"1":{"loc":{"start":{"line":15,"column":2},"end":{"line":21,"column":null}},"type":"switch","locations":[{"start":{"line":16,"column":4},"end":{"line":16,"column":null}},{"start":{"line":17,"column":4},"end":{"line":17,"column":null}},{"start":{"line":18,"column":4},"end":{"line":18,"column":null}},{"start":{"line":19,"column":4},"end":{"line":19,"column":null}},{"start":{"line":20,"column":4},"end":{"line":20,"column":null}}],"line":15},"2":{"loc":{"start":{"line":30,"column":23},"end":{"line":30,"column":null}},"type":"binary-expr","locations":[{"start":{"line":30,"column":23},"end":{"line":30,"column":80}},{"start":{"line":30,"column":80},"end":{"line":30,"column":null}}],"line":30},"3":{"loc":{"start":{"line":31,"column":24},"end":{"line":31,"column":null}},"type":"binary-expr","locations":[{"start":{"line":31,"column":24},"end":{"line":31,"column":86}},{"start":{"line":31,"column":86},"end":{"line":31,"column":null}}],"line":31},"4":{"loc":{"start":{"line":33,"column":19},"end":{"line":33,"column":null}},"type":"binary-expr","locations":[{"start":{"line":33,"column":19},"end":{"line":33,"column":70}},{"start":{"line":33,"column":70},"end":{"line":33,"column":null}}],"line":33},"5":{"loc":{"start":{"line":34,"column":20},"end":{"line":34,"column":null}},"type":"binary-expr","locations":[{"start":{"line":34,"column":20},"end":{"line":34,"column":76}},{"start":{"line":34,"column":76},"end":{"line":34,"column":null}}],"line":34},"6":{"loc":{"start":{"line":36,"column":20},"end":{"line":36,"column":null}},"type":"binary-expr","locations":[{"start":{"line":36,"column":20},"end":{"line":36,"column":71}},{"start":{"line":36,"column":71},"end":{"line":36,"column":null}}],"line":36},"7":{"loc":{"start":{"line":37,"column":21},"end":{"line":37,"column":null}},"type":"binary-expr","locations":[{"start":{"line":37,"column":21},"end":{"line":37,"column":77}},{"start":{"line":37,"column":77},"end":{"line":37,"column":null}}],"line":37},"8":{"loc":{"start":{"line":67,"column":2},"end":{"line":92,"column":null}},"type":"if","locations":[{"start":{"line":67,"column":2},"end":{"line":92,"column":null}},{"start":{},"end":{}}],"line":67},"9":{"loc":{"start":{"line":80,"column":6},"end":{"line":82,"column":null}},"type":"if","locations":[{"start":{"line":80,"column":6},"end":{"line":82,"column":null}},{"start":{"line":81,"column":11},"end":{"line":82,"column":null}}],"line":80},"10":{"loc":{"start":{"line":81,"column":11},"end":{"line":82,"column":null}},"type":"if","locations":[{"start":{"line":81,"column":11},"end":{"line":82,"column":null}},{"start":{"line":82,"column":11},"end":{"line":82,"column":null}}],"line":81},"11":{"loc":{"start":{"line":82,"column":11},"end":{"line":82,"column":null}},"type":"if","locations":[{"start":{"line":82,"column":11},"end":{"line":82,"column":null}},{"start":{},"end":{}}],"line":82},"12":{"loc":{"start":{"line":89,"column":4},"end":{"line":91,"column":null}},"type":"if","locations":[{"start":{"line":89,"column":4},"end":{"line":91,"column":null}},{"start":{},"end":{}}],"line":89},"13":{"loc":{"start":{"line":94,"column":20},"end":{"line":94,"column":null}},"type":"cond-expr","locations":[{"start":{"line":94,"column":29},"end":{"line":94,"column":58}},{"start":{"line":94,"column":58},"end":{"line":94,"column":null}}],"line":94},"14":{"loc":{"start":{"line":106,"column":2},"end":{"line":109,"column":null}},"type":"if","locations":[{"start":{"line":106,"column":2},"end":{"line":109,"column":null}},{"start":{"line":107,"column":7},"end":{"line":109,"column":null}}],"line":106},"15":{"loc":{"start":{"line":107,"column":7},"end":{"line":109,"column":null}},"type":"if","locations":[{"start":{"line":107,"column":7},"end":{"line":109,"column":null}},{"start":{"line":108,"column":7},"end":{"line":109,"column":null}}],"line":107},"16":{"loc":{"start":{"line":108,"column":7},"end":{"line":109,"column":null}},"type":"if","locations":[{"start":{"line":108,"column":7},"end":{"line":109,"column":null}},{"start":{"line":109,"column":7},"end":{"line":109,"column":null}}],"line":108},"17":{"loc":{"start":{"line":109,"column":7},"end":{"line":109,"column":null}},"type":"if","locations":[{"start":{"line":109,"column":7},"end":{"line":109,"column":null}},{"start":{},"end":{}}],"line":109},"18":{"loc":{"start":{"line":115,"column":18},"end":{"line":115,"column":null}},"type":"cond-expr","locations":[{"start":{"line":115,"column":32},"end":{"line":115,"column":36}},{"start":{"line":115,"column":36},"end":{"line":115,"column":null}}],"line":115},"19":{"loc":{"start":{"line":120,"column":20},"end":{"line":120,"column":null}},"type":"cond-expr","locations":[{"start":{"line":120,"column":43},"end":{"line":120,"column":94}},{"start":{"line":120,"column":94},"end":{"line":120,"column":null}}],"line":120}},"s":{"0":1,"1":0,"2":1,"3":0,"4":0,"5":0,"6":1,"7":0,"8":1,"9":0,"10":0,"11":0,"12":1,"13":1,"14":1,"15":1,"16":1,"17":1,"18":1,"19":1,"20":1,"21":1,"22":1,"23":1,"24":1,"25":1,"26":1,"27":1,"28":1,"29":0,"30":0,"31":1,"32":1,"33":1,"34":1,"35":1,"36":0,"37":0,"38":0,"39":1,"40":1,"41":1,"42":1,"43":0,"44":0,"45":0,"46":0,"47":1,"48":1,"49":1,"50":1,"51":0,"52":1,"53":1,"54":1,"55":1,"56":6,"57":6,"58":2,"59":4,"60":1,"61":3,"62":1,"63":2,"64":1,"65":6,"66":1,"67":1,"68":1,"69":1,"70":1,"71":1},"f":{"0":1,"1":1,"2":1,"3":0,"4":1,"5":6,"6":1},"b":{"0":[0,1,0,0,0],"1":[0,1,0,0,0],"2":[1,0],"3":[1,0],"4":[1,1],"5":[1,1],"6":[1,1],"7":[1,1],"8":[1,0],"9":[0,1],"10":[1,0],"11":[0,0],"12":[0,1],"13":[1,0],"14":[2,4],"15":[1,3],"16":[1,2],"17":[1,1],"18":[0,1],"19":[0,1]},"meta":{"lastBranch":20,"lastFunction":7,"lastStatement":72,"seen":{"f:4:9:4:24":0,"b:6:4:6:Infinity:7:4:7:Infinity:8:4:8:Infinity:9:4:9:Infinity:10:4:10:Infinity":0,"s:5:2:11:Infinity":0,"s:6:22:6:Infinity":1,"s:7:17:7:Infinity":2,"s:8:23:8:Infinity":3,"s:9:17:9:Infinity":4,"s:10:21:10:Infinity":5,"f:14:9:14:24":1,"b:16:4:16:Infinity:17:4:17:Infinity:18:4:18:Infinity:19:4:19:Infinity:20:4:20:Infinity":1,"s:15:2:21:Infinity":6,"s:16:22:16:Infinity":7,"s:17:17:17:Infinity":8,"s:18:23:18:Infinity":9,"s:19:17:19:Infinity":10,"s:20:21:20:Infinity":11,"f:24:16:24:33":2,"s:25:152:25:Infinity":12,"s:27:16:27:Infinity":13,"s:28:22:28:Infinity":14,"s:30:23:30:Infinity":15,"b:30:23:30:80:30:80:30:Infinity":2,"s:31:24:31:Infinity":16,"b:31:24:31:86:31:86:31:Infinity":3,"s:33:19:33:Infinity":17,"b:33:19:33:70:33:70:33:Infinity":4,"s:34:20:34:Infinity":18,"b:34:20:34:76:34:76:34:Infinity":5,"s:36:20:36:Infinity":19,"b:36:20:36:71:36:71:36:Infinity":6,"s:37:21:37:Infinity":20,"b:37:21:37:77:37:77:37:Infinity":7,"s:39:24:39:Infinity":21,"s:40:20:40:Infinity":22,"s:41:22:41:Infinity":23,"s:42:19:42:Infinity":24,"s:44:15:64:Infinity":25,"b:67:2:92:Infinity:undefined:undefined:undefined:undefined":8,"s:67:2:92:Infinity":26,"s:68:4:68:Infinity":27,"s:70:25:73:Infinity":28,"f:70:37:70:43":3,"s:71:21:71:Infinity":29,"s:72:6:72:Infinity":30,"s:75:4:87:Infinity":31,"s:76:17:76:Infinity":32,"s:77:21:77:Infinity":33,"s:78:18:78:Infinity":34,"b:80:6:82:Infinity:81:11:82:Infinity":9,"s:80:6:82:Infinity":35,"s:80:50:80:63":36,"s:80:63:80:88":37,"s:80:88:80:112":38,"b:81:11:82:Infinity:82:11:82:Infinity":10,"s:81:11:82:Infinity":39,"s:81:51:81:64":40,"s:81:64:81:85":41,"s:81:85:81:104":42,"b:82:11:82:Infinity:undefined:undefined:undefined:undefined":11,"s:82:11:82:Infinity":43,"s:82:53:82:66":44,"s:82:66:82:89":45,"s:82:89:82:119":46,"s:84:6:84:Infinity":47,"s:85:6:85:Infinity":48,"s:86:6:86:Infinity":49,"b:89:4:91:Infinity:undefined:undefined:undefined:undefined":12,"s:89:4:91:Infinity":50,"s:90:6:90:Infinity":51,"s:94:20:94:Infinity":52,"b:94:29:94:58:94:58:94:Infinity":13,"s:95:2:95:Infinity":53,"s:97:2:97:Infinity":54,"f:100:16:100:33":4,"s:101:2:101:Infinity":55,"f:104:16:104:28":5,"s:105:14:105:Infinity":56,"b:106:2:109:Infinity:107:7:109:Infinity":14,"s:106:2:109:Infinity":57,"s:106:30:106:Infinity":58,"b:107:7:109:Infinity:108:7:109:Infinity":15,"s:107:7:109:Infinity":59,"s:107:30:107:Infinity":60,"b:108:7:109:Infinity:109:7:109:Infinity":16,"s:108:7:109:Infinity":61,"s:108:36:108:Infinity":62,"b:109:7:109:Infinity:undefined:undefined:undefined:undefined":17,"s:109:7:109:Infinity":63,"s:109:30:109:Infinity":64,"s:111:2:111:Infinity":65,"f:114:16:114:30":6,"s:115:18:115:Infinity":66,"b:115:32:115:36:115:36:115:Infinity":18,"s:116:17:116:Infinity":67,"s:117:17:117:Infinity":68,"s:118:14:118:Infinity":69,"s:120:20:120:Infinity":70,"b:120:43:120:94:120:94:120:Infinity":19,"s:122:2:122:Infinity":71},"fnNames":{}}}
,"/Users/mohitbaghel/Desktop/VibeGuard/vibeguard-cli/src/utils/sarif.ts": {"path":"/Users/mohitbaghel/Desktop/VibeGuard/vibeguard-cli/src/utils/sarif.ts","statementMap":{"0":{"start":{"line":4,"column":21},"end":{"line":20,"column":null}},"1":{"start":{"line":22,"column":18},"end":{"line":22,"column":null}},"2":{"start":{"line":24,"column":2},"end":{"line":62,"column":null}},"3":{"start":{"line":25,"column":24},"end":{"line":25,"column":null}},"4":{"start":{"line":26,"column":4},"end":{"line":32,"column":null}},"5":{"start":{"line":27,"column":6},"end":{"line":27,"column":null}},"6":{"start":{"line":28,"column":6},"end":{"line":31,"column":null}},"7":{"start":{"line":34,"column":16},"end":{"line":34,"column":null}},"8":{"start":{"line":35,"column":4},"end":{"line":39,"column":null}},"9":{"start":{"line":36,"column":6},"end":{"line":36,"column":null}},"10":{"start":{"line":37,"column":11},"end":{"line":39,"column":null}},"11":{"start":{"line":38,"column":6},"end":{"line":38,"column":null}},"12":{"start":{"line":41,"column":4},"end":{"line":61,"column":null}},"13":{"start":{"line":64,"column":2},"end":{"line":64,"column":null}}},"fnMap":{"0":{"name":"toSarif","decl":{"start":{"line":3,"column":16},"end":{"line":3,"column":24}},"loc":{"start":{"line":3,"column":52},"end":{"line":65,"column":null}},"line":3}},"branchMap":{"0":{"loc":{"start":{"line":25,"column":24},"end":{"line":25,"column":null}},"type":"binary-expr","locations":[{"start":{"line":25,"column":24},"end":{"line":25,"column":40}},{"start":{"line":25,"column":40},"end":{"line":25,"column":null}}],"line":25},"1":{"loc":{"start":{"line":26,"column":4},"end":{"line":32,"column":null}},"type":"if","locations":[{"start":{"line":26,"column":4},"end":{"line":32,"column":null}},{"start":{},"end":{}}],"line":26},"2":{"loc":{"start":{"line":35,"column":4},"end":{"line":39,"column":null}},"type":"if","locations":[{"start":{"line":35,"column":4},"end":{"line":39,"column":null}},{"start":{"line":37,"column":11},"end":{"line":39,"column":null}}],"line":35},"3":{"loc":{"start":{"line":35,"column":8},"end":{"line":35,"column":68}},"type":"binary-expr","locations":[{"start":{"line":35,"column":8},"end":{"line":35,"column":41}},{"start":{"line":35,"column":41},"end":{"line":35,"column":68}}],"line":35},"4":{"loc":{"start":{"line":37,"column":11},"end":{"line":39,"column":null}},"type":"if","locations":[{"start":{"line":37,"column":11},"end":{"line":39,"column":null}},{"start":{},"end":{}}],"line":37},"5":{"loc":{"start":{"line":42,"column":14},"end":{"line":42,"column":null}},"type":"binary-expr","locations":[{"start":{"line":42,"column":14},"end":{"line":42,"column":30}},{"start":{"line":42,"column":30},"end":{"line":42,"column":null}}],"line":42}},"s":{"0":0,"1":0,"2":0,"3":0,"4":0,"5":0,"6":0,"7":0,"8":0,"9":0,"10":0,"11":0,"12":0,"13":0},"f":{"0":0},"b":{"0":[0,0],"1":[0,0],"2":[0,0],"3":[0,0],"4":[0,0],"5":[0,0]},"meta":{"lastBranch":6,"lastFunction":1,"lastStatement":14,"seen":{"f:3:16:3:24":0,"s:4:21:20:Infinity":0,"s:22:18:22:Infinity":1,"s:24:2:62:Infinity":2,"s:25:24:25:Infinity":3,"b:25:24:25:40:25:40:25:Infinity":0,"b:26:4:32:Infinity:undefined:undefined:undefined:undefined":1,"s:26:4:32:Infinity":4,"s:27:6:27:Infinity":5,"s:28:6:31:Infinity":6,"s:34:16:34:Infinity":7,"b:35:4:39:Infinity:37:11:39:Infinity":2,"s:35:4:39:Infinity":8,"b:35:8:35:41:35:41:35:68":3,"s:36:6:36:Infinity":9,"b:37:11:39:Infinity:undefined:undefined:undefined:undefined":4,"s:37:11:39:Infinity":10,"s:38:6:38:Infinity":11,"s:41:4:61:Infinity":12,"b:42:14:42:30:42:30:42:Infinity":5,"s:64:2:64:Infinity":13},"fnNames":{}}}
}
